521550628
888233671
72239847
289185087
97814038
680431847
828084461
998076489
820054890
443972775
249286020
14388711
112145107
878218465
1
92290678
382947550
147016617
116555642
649587363
238993566
409556296
154527322
229799263
994130918
979879003
269256340
146919021
643295614
428960178
120450042
622881167
185603336
597900863
294394982
529348487
335028846
665140827
270420979
880957043
602186871
748470121
298701905
781828366
50283067
946106879
84296172
902178593
378052554
482350614
534283502
496718554
879477085
549662395
804380651
760085352
83622738
103230374
575325201
681964288
564098193
67714764
342938067
969369029
631180416
375934054
111938756
629476374
277868579
485916114
958537643
631842225
468167194
970300621
938005590
57948299
85381968
700497965
777351209
974961978
616231232
8703444
496647545
613695999
1
976537312
418404536
707694551
400398439
514521449
932693436
190233904
86834414
259458777
912750649
342428920
786065293
190660528
437919207
271467835
