793299199
869238250
554076511
829413366
78217450
465454921
694894737
586370268
509552458
683706129
58839539
80148768
166793028
611003880
824602951
542978378
660771572
294334998
296461275
35598836
648377469
866816451
842879020
943586175
440137096
534396040
87068460
341953080
148066672
86865713
153930912
951604448
57169658
797753016
900970667
636212766
930448317
400605495
925039565
793704798
485754458
219322295
130175858
984607425
130150514
527316034
387399879
60780802
681614104
327411681
204660157
232391136
241297399
98834216
801224529
395890731
347123030
471290651
910189257
782624305
544820647
785356508
84890618
99577887
859116351
794695138
929728265
444611962
915600464
791481874
377191876
688687366
240299699
130398182
471795961
243613563
844727642
795811870
15993779
894818985
516843739
61814559
520354921
376842485
498757124
28504454
89350000
714491103
54083111
626732573
992637725
833688595
690808250
108687154
814462704
530984118
527112574
539815285
27454915
418136765
779803168
154205578
812363167
226304569
813805284
542588307
542734584
330964837
495764474
578944114
497719075
185393883
280450296
157531023
678083191
861230090
516707603
106608610
910971975
467985482
626037010
422663135
428082633
738483851
77803726
421874495
980212586
494566181
827234721
926029334
974968470
105798228
59688670
64086495
43531856
991835322
954104671
447040577
237033374
986366713
87324429
269873376
399478197
699479633
56651669
875245587
501522668
623230654
603610138
651534884
461689141
39944586
875829486
282608807
548342968
973591887
239765440
465216231
912626751
82621845
156590551
384724501
320647057
27746673
39066790
684361777
611857014
25865486
490188371
103688844
659173909
862951824
695350441
215826692
845949045
785413651
761639517
563870674
744818966
187304320
147499219
63200121
560184764
258361897
652736292
861869850
693333470
747472332
213520392
580760961
153093443
472541813
69840648
557053104
88118698
751092903
302197583
990333159
834628705
351467202
961248929
676624460
852211904
846642258
404864421
554816086
237989812
25830815
994748751
679200226
210882451
420254799
675282310
99602590
278509688
97713283
321381797
841359575
386432921
420561634
776682187
144566965
508579580
270668894
161426258
958350006
214233131
549840493
730029861
479997108
789140225
14793269
74165373
358286877
947715241
606364117
824304685
926114796
593864435
38684506
849187743
542890112
842980769
191171465
744435245
320637686
632272529
889238256
133736076
514287541
430394233
772463080
534170446
887428228
534573244
736973484
550097063
446440334
559418423
985598306
323020708
783819438
451228363
182286067
223563258
54617129
978763083
853809524
698483346
261201682
911643434
949125796
489472107
890514876
770704076
522573202
183633627
891314428
468177023
527122099
704965857
236807529
745830373
879989113
747037514
95887625
122816460
842722324
851624009
491818329
502740568
296731133
682478772
275536804
397691385
998490761
85396487
917404090
400529289
304533437
256232076
10364932
420335811
43090258
341898269
872066240
331637774
641441414
867509940
663648588
633264571
555859197
923730063
98439101
965059607
326110827
918945334
260472860
809016309
637170345
53588014
825635084
866305040
751993386
883733101
126104362
483896455
472282772
848906647
52397434
468390720
141784568
2953973
215738478
141923255
106328702
376957251
242186293
130149552
682230631
811636478
981003039
923641653
860900859
673345207
624158047
913922042
311508203
931458444
93856224
789173284
509715600
976794136
656924647
314102833
206577403
991262170
298661235
910821166
523800367
59534424
351803434
133566795
734688373
762530292
249934761
58092517
959543061
968123415
970059657
423438672
540873032
879993009
296159329
232792104
643775266
999158616
802904728
909002907
948632476
553178828
603280565
683729324
955157765
992246476
831500136
511068957
801789895
619789464
182671394
689444193
870668872
889164676
51022953
113152796
309060189
213311585
818356276
462054056
506938362
861413733
744570783
865142319
890930378
983562594
119940961
620560404
459721363
915057339
196253842
449951057
150779441
226982844
517639287
350974451
254819096
523840681
391478968
853423787
13773953
953998842
972445324
112684576
292592443
418043201
892000097
106409513
862024409
361781780
146125589
924134931
865728064
324153026
331706188
707915471
48491804
70859
541211606
865571760
927434718
423421017
841965366
360426909
612268064
475295061
972628359
751924134
674619649
653565259
630514299
338132537
780709386
65096205
929233859
645095870
661429334
323806698
447844563
138266687
778707043
912089936
503503336
397113767
749319277
23488138
285406842
441128230
191602896
452015077
258325137
290195676
934529030
959759328
907127087
828391198
155762834
787124584
326185635
488180659
189684066
317552624
90988916
889673911
706770285
398934240
835494426
937054382
230105724
970323205
926222006
271994465
267289721
108295361
973876093
670604674
908046481
323900208
444775228
305287601
945992782
970504340
226167685
20317613
5010478
168076628
423514515
841641904
853692356
780924603
470236796
541097670
296968535
51316088
372212138
525116797
260623437
300950832
128557623
848196016
466499953
945364989
140162338
810876946
258442085
763967502
135008117
288324262
16428909
43638998
571863900
200806237
757773795
777216929
95887648
109983207
885022401
882199413
630541003
267304116
137221095
287975586
954178246
819013224
565661865
709605069
547589124
513208148
992141670
289366007
73541465
210177576
202623525
307177832
930828527
984686772
4176388
944031171
255984958
786052747
848048266
282175048
845686378
629706201
846479814
373390053
905101962
623657735
665122807
362616826
114448269
239414159
9426135
625257563
476646199
686124780
433306317
416465029
849406761
648602910
201222909
353489
376943011
814253419
607740094
839580623
791130960
876250805
910676276
26755122
657881626
179808481
523264765
158344558
204537149
175022262
318551793
277367654
304802755
531927745
774241483
945733242
589457260
997835199
261586057
883945832
700423624
699207232
28055454
166941492
919498886
703865883
159465867
447619555
383502979
199305944
965101519
836759416
829233453
130410208
851375640
280609848
784882632
368694734
737507167
71564041
181491758
11670540
650452950
313799974
830800307
50152623
535957364
492221160
885376671
324602715
75369644
298530023
798342351
457229898
73842899
9523669
359171971
111181732
992661127
703613012
601599972
470198836
784527504
76627773
402503215
65621353
136871403
418875394
992405560
991371302
376255244
610932943
877876905
38252525
522633406
848844692
431726713
826533803
454118118
980515444
463051825
361257174
842659151
762092021
439725052
468285508
995452510
622749665
265802897
61684264
804046145
544113569
944251
982808416
18038043
648841592
750275637
603169232
700930691
373554978
336939207
64088093
722894379
616151568
685070978
54875614
629040758
287901701
801707822
211513089
861223560
138207984
354971034
375020349
148738111
709579055
432466161
797991724
522634028
430962588
773096376
488951328
694452887
105582305
180745421
976551111
621548315
944369218
518936183
397059115
491327798
943694831
870110171
581586440
574876332
584265070
54331854
45875876
813107166
220257705
994090039
125350153
295046939
47624820
655624690
898496123
851280028
40464819
800023750
961583694
187575234
41961043
526084387
419105737
839735149
9802034
459846393
20230046
255212564
889916359
817838161
436737127
968029824
727016050
497841981
917691688
110718513
218233280
958589232
110096554
637338875
814527539
596115807
300986688
968743332
675781392
935064192
965825091
107907873
807149166
14961473
854982378
840280523
387227077
894359708
640626699
532484178
758888289
76558195
499540681
156987160
619776169
855838981
597640690
727519575
987273037
79863720
656511425
239455675
836794953
786067269
304443569
498901298
194320011
4986851
287365714
695438871
177158964
632079723
287778561
980746749
774735267
42865574
130210403
831042286
550255029
874778498
823135391
16635789
642889372
897983902
207924868
419169317
108038324
50057830
233005065
520551614
297440904
619378653
922025183
441368582
54793645
47057003
275725999
125805080
545864783
154706
95392035
767452782
894701255
942181357
520342525
842090203
589410340
112037859
893057325
312352562
325968832
584707110
128891068
161031920
434882693
239140166
55489549
595147245
525713602
450737020
27335066
645350448
179816433
869549338
827400367
692319273
891544677
251401290
297877668
409962060
143640498
957658510
678917301
273854965
818283660
764118241
394021898
235541975
300721627
933794702
214208518
154885981
134384604
567909533
124733217
476186087
685384295
492243351
951952369
246046052
108478174
417828613
387424271
655900407
944718742
981597840
391379208
58803516
145593644
519022021
658982156
864858419
761696436
555173783
294397029
629632383
1667397
570552068
502746558
120363113
424355813
358775008
613048667
961038376
12861271
12250397
8786573
376207149
962469131
17706611
516156290
765618449
551287690
374820631
201883860
445922964
911185535
6313864
860221874
110750413
986053361
888269448
961713198
862432081
527368591
356903529
686466377
585604847
727155945
710762566
125935429
34807822
322607695
331574508
9535879
120953992
345012595
740071111
15826941
189691923
778310634
781706455
834653056
496155059
674840474
453526650
274779694
491675748
109313653
135769029
145282708
683380412
724683062
345110062
864635249
221549968
818853359
618663393
754846879
168107328
119973445
305008481
268942689
917390898
745640839
660081202
753351161
362857875
445728037
172868481
667030397
72934304
455453651
993077971
290412239
614240360
715882938
365881587
666605807
533527740
699047657
448690583
126327065
551982543
643640788
52604581
91618796
713583287
661492486
61910473
489148127
459768894
967185622
119111854
122513194
352090469
34813160
520228527
372794844
194168960
925760916
387320423
671108978
453767015
54776575
494262264
604229447
653335804
