27468006
306440943
863139342
305053221
877248829
119573541
120595288
866920744
165702534
574412214
672576957
36624329
898509850
1481847
211308065
888359734
897017448
941828852
216814887
520852533
341165774
608781778
231149510
570813333
694871297
38246512
646264768
347018363
736460388
534694729
79688024
166811462
383323876
25240074
738607403
563548591
646487288
414091227
702756967
70289828
706143835
242330338
71667167
530847441
929059594
389337717
414580084
728685509
597686238
736074447
606554986
734050846
995711499
228556321
511661300
172781561
861894035
597907406
669725553
280198292
622456840
384709692
772909342
437761230
107934129
595672428
401156106
997786726
956963625
676894314
894902814
486528629
546421074
289659820
499422802
793639594
373416376
845761804
201976218
584322729
115284695
652490857
802823112
27110631
229178630
424234029
488095681
555182801
386108524
843895788
151734953
536326873
462286413
412389059
575557870
588731579
561871844
679245473
573407676
424936577
562698205
11383250
415742138
102788278
785050451
958899791
271871051
507568616
881768892
797795258
201671846
463423606
921258976
307450540
201750858
161513740
149133995
210060473
986430641
306039968
267236954
230683360
284935548
541069472
903723148
62627901
104419129
739648454
748408518
912812144
179576386
698011375
218475856
873587817
911511411
859348203
166316965
439841152
626043713
4310851
873749601
532800369
542487710
233833983
109673697
529161967
718462521
829387769
779908584
919103435
665963793
808426776
467539050
215829447
381751886
848297406
653973068
348358248
682534991
882646879
928148609
623466797
801963759
32811243
40882807
453005017
434193567
110695494
757250570
625151488
580713772
139221258
75043670
783942128
57480372
186828849
317337833
274105645
892907427
805063994
294185176
651828289
153760426
716256366
352901178
216731809
360706216
914425349
313138207
546978416
248013837
489773299
779213773
284732996
147295298
787607158
175538377
485175681
164871471
289738875
378267993
190423210
247531339
96591531
753643078
143594045
208798883
129614530
774047340
646671222
708557877
92285515
845149758
369456502
366346438
464521995
908677438
390795323
296201717
802870932
655576864
69021298
301222891
725256218
9675341
582528841
367369596
455888843
790250947
947990569
842162289
207851437
736090052
212231113
718095816
70246060
872162574
787142758
672105502
662763172
991093177
119484964
673363692
246400814
822263043
404069075
678082807
168138402
657737991
282007030
386999556
52657197
695039949
726952084
491113933
461435829
40807665
947993641
237051391
295462473
307270102
877949918
696979751
232449355
480479161
410747312
892862312
309396789
658921295
203313399
806662436
190783643
156987075
913663556
747557454
846339543
92995065
207249280
122620818
758321837
829895153
12694353
539838220
563602918
547319789
265239647
8020740
299062530
943528323
725931152
421132874
292078533
928856200
682144715
55424229
64336293
328448361
589684535
281570416
917655105
631853385
667933969
367880173
656751298
953587117
187746971
481954048
567444831
948451595
787367588
577642271
95617145
945920994
469523569
900635994
294688844
681613667
831335839
664895647
567892371
138488695
812389222
817065088
496439639
492299340
537908492
840203529
796834288
111714042
705274088
56651723
398057569
410672818
183546084
935142896
475571779
174469038
463683527
191199240
126229377
682663033
825236463
408656676
252127540
372470110
706310179
92690607
745308525
215782638
756107176
521448724
256256751
30009046
550302350
89778776
282680823
409723481
899114326
169892129
848617006
85913062
223067369
564037454
122851920
219894501
788500166
300224758
8301604
278853224
88538604
727933601
295512601
665390166
585659232
446500167
975992579
91415249
692122471
274156891
7988177
923820321
653436614
228169442
590090617
614351253
524564337
3142341
245680996
92195754
759698823
874125111
980710882
541156878
440948458
402815397
988597636
981671334
863496953
407979637
475939612
887091098
399936319
696252887
630991785
579630167
567732670
383128202
849414892
678806134
74389449
335876685
706390492
29979823
197269144
397134266
667952686
333840556
536889244
730973020
223769817
764781614
886636149
446316573
290482446
812799871
967039141
421680743
166479049
20909339
926630584
693495209
732663671
925415940
556267067
637444860
808808513
895015523
393007380
370879541
594744396
965514484
897382691
658610973
217193893
360567316
173930364
721382025
96947953
584350185
620946509
758795112
730945050
19523790
610431302
213904571
530339759
948998274
952126245
87631494
121505742
993654231
405646310
547856247
535223125
251353807
885029329
663196979
201994518
915649846
859045334
514270714
166069753
923476812
231471296
781707167
686616102
669994731
188389706
485000655
526664351
903226346
399811352
127173623
175730951
539679422
483396924
621399309
331183681
791124079
899140037
683180903
440068261
628043997
549396068
756464426
78369022
808811589
822926230
83392333
222903407
313697806
820871758
879609680
79765478
764997662
552361945
517157638
846625797
864810999
664294059
986970134
185915126
849931381
811352025
231189978
57779155
151957117
831798621
88669887
435826277
751414774
181562888
27818020
354001805
177909633
448056994
31943803
357383722
304435693
272303877
752475308
351762291
458404733
581734424
350036255
677638716
367053185
882864576
415410435
892530197
605203865
532461212
421984221
755350066
658250512
346556427
262448189
658993794
835345482
265472033
526947903
460767142
27916921
639721297
321211756
710651392
388008068
543812671
75469351
134480961
104012813
625794940
690868582
215203755
807458906
472723915
444421781
183670768
961166700
882694971
283964360
831941441
570024574
414437803
446700895
275603855
110108988
840078443
774784646
308153446
53157234
458386762
87029805
773686334
644649714
53216138
123199566
828144815
682855805
777309930
400915227
21867151
630153857
642541263
498109324
710555289
957359425
536589801
524179520
103043114
281239331
389856401
401865062
593392399
446349526
147097582
428311546
980828323
738344751
324434418
135386696
420681701
515302778
751971033
951922598
115250108
929352649
846862618
457749171
742766986
108780706
234020223
47043170
652032420
460327202
116457101
649071253
492160043
581364486
851715138
30143830
441758021
528084788
353973586
515840218
882831386
467782840
126257160
40332366
369000178
220816171
174667670
809201752
106281668
269669057
755697960
840418707
712524718
255472986
774524940
790331435
323153852
614029993
421905526
203444463
261990140
317398301
399518551
994059010
949236770
250743290
663688442
919684557
705714726
16202931
655486053
499760615
779693604
862036026
878020197
241780013
722424922
927165197
97524943
436728851
910204031
657516395
597329967
855563870
381591135
976460363
298209583
109175771
233576427
690813284
31424102
801008512
537283303
83914945
815633260
822169982
52912751
378925362
630057364
623305184
55280642
284661140
840708881
321443548
508384429
233640241
573050121
509033522
207193032
339589735
413509763
376129257
699720906
504630480
516350939
134973069
47829921
652357533
488319723
207801469
100752422
631913209
374390504
637256845
694411832
230091006
213717928
910722754
752382677
500094687
293179320
328861062
921562708
696005834
891875553
312906056
974418377
157809649
6006453
126216056
973536181
651951821
672299984
776943548
839767194
323664155
422627899
393271916
939378475
758783874
442216569
925501123
440196724
305758139
781218291
412617779
699498323
105316684
630821938
968462068
393905097
681843035
486260509
820371294
391346121
411242161
335257459
655580157
599258496
369328189
72781408
910176677
960277371
594328526
181584308
274950076
299653942
266378694
581746183
919628107
971034144
659763771
983757727
532890910
757204886
512646670
576564678
76391145
666170263
704376311
391318244
626258308
701004614
35327811
380267941
973249848
379551283
866360753
199606536
602547669
132761963
661032055
547362424
597888530
700077173
98701548
646575511
874032977
886631709
571508799
842531728
944336163
327809082
516591589
357818320
371624334
958642074
973797276
587549896
980637111
849063675
128265491
564136416
857684748
585794206
79546391
137261039
764719694
244981388
213497931
619624232
505149146
339611076
740888739
932423145
432541518
822519483
752730315
839661690
241093523
740965756
777968291
262206981
629960230
156822234
803782951
850229889
653397140
204219548
292436833
814846775
285179023
665889156
124677012
48500254
752001644
456776922
554864914
646195349
841288009
657517741
621138594
214998657
740965269
799328692
498229431
391615639
955895854
295304246
370640013
264757034
376668345
220216079
440441649
61749046
847494860
317881603
305115392
622873097
743689599
67009438
329606923
799112421
49163890
623098429
497017603
942612594
753111315
268903463
98855164
830120243
574087979
625021773
717752511
459073717
551770446
678185229
61993644
105194172
61667597
985867091
25500327
50528344
616590164
324674585
735935717
49043529
69937096
412865303
657867085
763760049
922623727
74521310
993698157
306036568
818171224
580821377
779517691
530766899
94884475
621182433
17150826
215163453
546941823
321248929
425954033
763518311
447341180
774744555
55683640
676809609
558372926
443409452
670102949
188179445
616078075
62322196
968933050
744436852
174318244
123725821
22684024
452091422
417047142
274588322
723266586
100727487
60888974
351676070
735597348
951914589
513475292
804318836
686379857
833181862
654531367
326615721
382657052
20482929
447151326
889172769
100687242
439391166
868774697
753555856
134308865
308599667
931215481
164528854
350965566
783600222
334662661
56125816
884384176
255120571
976008744
569767298
140749830
665307696
500344346
785025896
833664851
801172223
594987262
537481999
874480498
239408612
724139145
284983382
101288873
318727025
889478445
442176994
631717352
933530160
620145262
103657279
838978215
167665672
875524753
456706790
90127667
833150739
157750845
258263395
740387540
787315283
979539673
569758359
388778136
93581403
946941838
135646033
205862505
454688991
322078580
484390451
42590428
634574934
327942016
128259065
966677071
422417270
431835223
384058344
894198193
875583100
578676904
387140325
704432016
451379227
64502849
25636088
969855249
570828132
519795275
960606888
300676952
171224183
798919102
260335732
182285347
704570039
281396703
389977799
307546194
257610107
447060858
14682596
401570977
20185743
17736210
100754268
755248254
452560326
676767116
927748817
513823915
99763070
597827958
878275759
26288413
527578146
252429538
204658020
292103174
245485616
11096144
303800339
767824816
88473321
400829478
434749218
580560813
932861740
199928924
947621996
603342309
894437616
69583107
694665668
532356064
209773015
675479147
852214886
659671636
754121142
157953957
236069074
830731711
140756371
377146350
519221093
622319670
530134498
670203420
761224766
67826514
203778452
83740642
564284034
740935333
9649673
678012500
261999002
145635272
161030856
577851938
913540267
527588853
349008901
910893866
612131294
233269650
108973010
604747656
567663999
546303912
994242966
44478969
107107009
174544074
634766793
524033890
480827539
984076945
357034835
587611023
533253052
761566835
518987192
351364757
504096373
948349392
889261593
513768031
717968897
946518327
384909691
101750856
806035616
558357148
285720272
221974391
830259172
797363333
396362816
243576849
373227970
25280168
542035593
306197486
971635753
340793716
874928442
663264168
339820443
955592762
259663205
756682753
42361989
453393232
176908075
111041893
899477352
428677238
769099229
509692280
831751162
915118033
434530891
366795926
913777238
887110992
944092714
803925550
58254386
502295874
268697420
739626626
384643565
544985890
569666279
963112369
206085402
413162718
52080055
98951562
582940834
555064416
387074277
227730807
884642768
767542084
373553864
213749986
33927354
717187525
590219879
545851761
816488166
432678111
735342556
763395885
615433482
444337035
975077246
517219402
753221543
386486718
304786729
542202920
511397560
175124543
588055911
330938109
979811118
686530063
540520524
748616397
672320648
273491077
878572884
139887420
405737961
965522291
787606702
822581735
252544668
162260199
149335519
1494606
76435723
926434724
462642870
25176454
7565503
639694958
751561691
42038004
580732826
267688792
124408538
907735558
998697474
425390760
377135162
545166334
341223312
89344754
26224964
76887426
334505414
536947514
471255423
111541921
676653724
419312438
849622427
719698965
905601491
789686581
481061161
583510814
729462461
78447146
480825719
914217629
88997660
27351729
1525620
642296634
920369523
315927730
199035579
982203663
412040326
747906489
873359823
113559352
424638032
642890029
55956067
396750668
906528784
650620374
730783099
836293666
188929499
173565948
396922346
99134335
868657531
979581670
107697907
337528990
379819222
502500037
143399724
731448115
629485437
572366686
876456259
183638113
919565601
811848755
668354194
545018352
183990775
747914109
569738860
38053475
389568971
984701619
404317443
647491160
24347497
576815622
825048153
711500182
57294257
194084653
230259736
166534901
898191010
813031782
542058529
926308196
190401599
537912535
186888440
235418277
147381052
121059310
676100683
723235637
991580140
454489967
900025249
585927582
104786823
521715733
298202602
982819374
245874363
31784249
852333779
827953333
635196321
81762299
54852089
381546810
213940877
826906598
169538350
733474198
830985830
319378135
845819397
374475679
466803088
118188124
945238630
399341065
739507942
463690562
644576923
160010027
48612070
23089343
104884407
59554356
567733763
646163351
426305147
170440698
318835171
843044735
600564388
404353326
822020198
57069987
310371032
290365682
103089485
179199485
684748276
811332029
865872487
749367587
271030321
733601760
762304817
936346372
771705325
750366841
297053933
394878114
269748492
565754802
723925926
925108380
64020788
196169658
549190308
68649736
945037715
524479112
426924821
582384868
592703419
120739758
944188910
31880771
695961014
97763178
308061579
713692204
413253092
874615945
601153994
81016938
473929278
122832498
786111025
369415154
557154655
866186267
457937517
627606034
344567445
849786
641570910
68556293
903224506
796317359
491312915
721330321
721628590
451183564
901843098
716047130
737271303
157313244
351065345
813710797
714335406
766737371
575802075
588297934
940011710
252404632
406220188
496162659
307503954
33640720
26634014
457581039
432484073
903480219
986126503
741315359
640757175
252811154
708245557
598458744
335722662
165158805
661805860
734763443
127240882
289263967
68469554
291057429
666666078
42053699
852674020
388051035
904122715
473337774
495874873
348704231
531001777
662063613
280078063
777334677
844955221
362203355
99660379
309269642
755368252
668728453
982631874
166139590
585175036
42979256
652585589
990183553
928145118
644121283
84967785
810675850
252623778
515170113
179663189
937454313
941427718
750099325
963762792
901900162
807722433
399187677
957141930
769739273
59621809
409051504
358937117
155970003
3266521
883884248
757211859
750616497
687895035
383768787
944677103
244133388
833066887
913667997
271473818
955235246
704481659
339799535
556555515
903419929
609760095
97890434
588647251
861955661
947857027
624630666
693835544
226377727
536970909
468124885
24181589
158758773
273767620
662289366
785812636
856724776
586027929
847709958
78007098
277295014
836762974
360855538
527132765
292933162
581397060
491679180
601969328
542014250
362572769
374632603
594325878
791808804
627032004
810658797
421884027
230681106
487663056
11183375
602118373
820499264
568491229
242107068
983842378
659127942
982428764
557863946
899069161
613160839
8640206
511643354
940629245
861995836
24554992
185230622
201826934
486331409
882080589
180376502
341605854
391592066
647485274
766136539
223936088
110099244
145017532
205145268
133491738
118187039
568983569
675775489
257815156
773972429
702165746
844186914
6592188
581683733
815801139
7299547
92291134
949072143
315704105
191732797
355914901
542328061
116835938
385966585
873762541
186260377
837362866
968156269
402173613
913276714
411816580
716600747
928008762
546764854
277626913
831727154
486211398
403274736
358182549
7212069
180318719
731740503
768331110
64556358
787201023
328376062
737103925
175404580
925148467
519562842
431309498
251458880
247048946
544846785
966201510
624287353
421420663
382440612
510484254
86599162
619000838
760629163
449845985
160868114
376434927
571649566
12318328
320475195
107068182
598118402
934421758
951770860
753776292
326937151
183552562
499831754
160448118
314394221
692872553
294344403
373658718
829640863
658337622
667721047
500773107
704946723
485344639
342009089
76907251
324582850
784236987
985092995
9748139
598510096
981656410
588072905
925642158
370702107
453531809
424895793
85183778
683888730
522435804
432491033
656770429
619600390
155417918
152999570
1595921
335064484
848209332
622736412
778193688
482010758
183751845
329871445
679500890
219007765
197412185
842771530
64142558
5802168
401829986
908562593
324575400
842646213
570387150
33784429
675056068
29401347
631732384
896826864
773655180
86114089
908388046
912608778
810481925
522282730
112225257
68307540
775226682
561349943
518697207
227208242
8695053
358239926
599684824
942075065
540898855
340260200
414566251
625937299
362978779
890179813
923063682
520479558
377329572
589910714
463726334
766812277
531090158
599659252
937316357
639468640
414856966
381570045
81535822
586153021
849226027
571581137
458984888
492681259
331675694
433299900
855570256
403623211
237883169
231291377
776258217
139590487
803426742
685897009
62577207
634132489
10344420
920753838
461466301
753146087
196085998
413195490
845654952
68387290
51384765
988021805
113636377
211151571
599492826
581159927
740367506
495047391
575071263
6935800
946836595
594799287
620375263
470427242
930232411
69026082
587823413
52615941
598392170
125131634
285124309
678217059
501666699
485323692
706075788
479774356
102279479
158511227
851895075
57073629
971046305
572736327
103093254
570115479
663301558
448910638
970149350
39437129
33818788
78614221
603182636
997181688
870402312
69053026
622443404
487794370
855498849
671886831
490280730
295178756
807554187
984115826
512956257
258509770
459788191
62028326
761823193
525752194
358850080
309382630
107649795
705100480
252511133
50113115
44142078
555061200
466376564
42354011
651438948
157929806
960368696
587753128
316957191
839076668
408146745
979170166
9779681
622156028
136353752
443004854
682773280
169322649
945341184
372186970
648462982
358380468
650588094
638963561
272681381
19627007
132227380
782642271
516192323
209373925
165365835
737921376
846277917
785694507
2177937
850335385
786612943
118314952
408039539
403683332
160657240
784256054
537265504
417966989
412731402
108112619
861256477
888704663
79886938
136680910
298731238
265170851
12879069
470660500
474383655
414350976
690919842
388695760
707301930
127573705
304296428
849375894
158997649
334274305
605116779
851280083
313179805
466109093
226451694
528994453
87331866
61708946
700000640
538876743
116095229
544937527
716100421
613862493
571820638
893992962
679341414
623375160
909388724
558473216
917911810
188420803
654165595
58001118
164930581
686717776
399809108
851845730
89074866
290338249
806215485
321637992
580278151
650177912
17611984
642278251
97759880
141723103
149437133
583090026
918250222
135283385
4237750
460077307
359082385
811424998
421091602
187994940
233429782
732332012
243629610
594149591
805221846
692985266
316533393
212758974
183700745
165033641
176285510
962305820
77595219
639361788
931729955
532621520
912478926
921511010
418178970
506840902
564970608
371141906
530297509
775867688
248980835
79298213
124825949
819613764
455295694
550290905
926503398
546701246
169930281
373928431
127859510
730461134
574584960
682743100
917297414
404866009
758072199
174195084
192219874
971164724
635855999
413913421
659897491
236261865
366700757
892697770
826877189
351135282
514363722
891582166
192457099
327220093
521413551
118339869
566936297
661277854
166620599
733986861
145316312
533537915
729561533
239247818
340378270
397473617
246219745
815187380
179177053
687217153
134480340
584992486
238760709
408675333
28997275
885497920
415856004
470736856
59198386
508073609
919172770
111184989
939724731
173452710
157240219
40110840
748409694
752302411
862902557
332559123
496486233
782502165
467565637
966458330
398832979
102499838
477852831
516183349
543503280
317839289
545774179
920966108
963998572
996630058
318890559
610558795
845649584
55926428
57820320
492132774
772523308
420186686
658346711
854337776
88251049
409795242
796057790
587784831
155082055
979591387
71740119
471815479
34418126
898631771
927290771
130431984
396513937
20589796
92862246
720257439
395727843
489980794
86246670
234410606
715073199
541045676
19101836
382159239
125818571
541491745
496192373
157754598
970817969
410547395
820189432
857631627
684403715
618952453
312726326
783479520
523926760
58999575
503803640
537106391
51178469
85846071
762042291
983071891
160997276
726343851
591556160
46908045
209719812
898779423
369043978
976742184
677549798
221681401
764075116
303633185
605490070
991323120
723403625
147479034
745086596
315176829
580948665
227637441
276736954
122539729
300410736
198483069
103735718
83809412
276936322
447248189
254860185
208892666
315594279
941395257
360384101
508348230
844323735
4661244
256421494
427205093
653046754
488413238
813960081
191295781
222968817
372666260
312210095
903946300
145962867
367351782
43403009
403631950
160639100
59529418
624993460
510816249
728901323
220330592
161666216
421719516
474736240
634255590
65147169
599911644
872065939
772002543
901554048
387560733
76001242
744106468
915787574
787162149
737285495
300499302
888331548
553435965
599642220
97517720
187842039
326779132
260724218
355921542
815279199
824040622
943245860
28801388
571663132
418549167
664506666
491547455
69050180
826321786
594393471
473383531
605893520
929834222
177698496
879579024
77274821
491729273
703426836
827074629
15048887
976113534
326489112
216285103
388798925
461189184
599351404
403480438
437219009
819325897
431059500
214546985
368575369
77719851
392736102
962664871
913502219
198974090
566616526
601328273
766031253
334458759
70092480
588294396
216868151
115649713
794296248
899017783
727864093
39159916
875423649
472396541
767184065
956323395
204707406
634387462
270576134
178226918
299549955
399920147
977678899
977013943
612930045
230992652
332936468
858263091
694159096
518004373
465639563
918065811
433416377
686513783
769474275
10338204
634161827
62648234
160973383
837846604
507144009
342704390
99861436
855003265
972434883
202203227
910186291
357918211
426749109
801610178
77419188
570663740
821165449
196178955
483424420
849822220
486374569
440457491
228904112
967925697
888477294
263271777
322857350
72846356
627079803
723967977
37618064
301665582
933390622
988196730
23452422
471094660
892695441
618491707
918987775
960509450
195644076
298151287
135902584
827362440
828628007
309925867
491812751
509307759
761890808
134730016
746572009
257747263
906593907
547088809
71186458
601341662
7648666
804630945
167949213
645965862
350612863
229197844
996453160
688544693
381512081
63504109
160839850
126102006
933478226
472898615
368674912
158307076
763260195
605315490
825034014
992685723
717480447
671540410
758436927
251005161
87486335
732669983
102716370
449556492
132402491
416453535
402755981
563032688
257998322
405160386
674463372
744330241
153555397
277711073
846634853
94300477
9503623
443050818
725439535
551570850
967386157
108928905
481279836
461029916
457852750
529018723
813226777
55123042
101567242
399885919
584565778
898787137
324783668
228720264
116213942
584403164
200533153
825976689
135774584
46756476
697395803
945069310
540408727
626036449
660508291
777584448
719875820
343984054
52733970
225000871
481131446
755476993
340659617
995661108
194012355
491599304
559682914
207065844
644619720
429229240
217518835
134800424
261619318
765942837
583497193
436873301
566406125
452480326
124935056
318173441
342365244
161989111
69022217
432709508
947780219
1405870
510699493
606804399
965113900
383828007
199712154
270245095
299586167
201745238
275168301
893714810
749036474
11918425
764607127
762272928
362365119
610157733
311193782
233412548
95909331
175789771
8019169
627520986
781259711
480580405
606974629
391594276
417446388
890104432
461121274
383644277
500824884
716555401
603903029
786404402
341064736
69106339
486182386
345431402
263364969
818887432
853030433
785039839
99712494
708425991
650953275
812400549
176993018
14482024
910975671
373625736
417449603
741049030
291273922
401490610
881132381
626660771
128910734
497720131
502621873
364754330
765714705
743315488
102796547
614219665
777707885
395869255
709971561
369217536
629311424
468912240
762251916
678383507
61108015
377319146
549240380
631491426
761998951
933254380
544917331
777363153
268383488
876363513
969262382
876467
38162971
61202390
510757282
536769779
307569379
983921256
332896694
728108925
707523583
652268140
456602687
794177405
384144762
786861487
176810405
331144881
948052648
987284171
505106723
69037880
782955517
40903781
181729602
755761092
731303705
421331567
903089598
292468628
756164011
965067708
75905787
793003713
830369388
728364024
362795902
776747734
463832247
81201795
858535663
62266724
402156146
358177167
778721950
648565347
924370456
660421779
529474612
495574023
638738225
356133371
353609062
999384000
354483651
727596922
913081506
898110387
784806754
478549307
887698473
158347308
819977413
418108187
283176518
60169139
960278409
573569907
974617725
705011672
821249860
91209183
731618159
404575472
356882283
112168738
168490278
845971825
532346044
376698862
971335868
617757978
704221340
706849996
595718129
396141602
463978169
268779816
666767072
678556360
330683189
272322426
154192447
816391177
743606085
600793162
980809769
714323219
872472045
878981758
763648127
559077712
249800074
943921516
755066028
536076649
396157941
311138755
635881010
484448977
9231200
697062424
335503629
418323231
188583165
542916204
137357394
840544312
792135587
970772003
776078462
437281844
784760677
883542338
41964980
891768597
298393164
225593414
402363252
334252673
957548835
578894020
205094816
474678088
98197464
467820150
573894670
777569420
475253356
787276854
782104559
690627566
121664999
979092490
7562627
592177856
672062377
985228494
652793426
787904163
71274707
434472189
304685595
672540745
835780837
540963547
367023542
634795536
584838982
820330779
76046471
638775547
272491257
17163512
48143833
670809853
432523917
517081870
827746991
728572993
75055709
603327910
381220834
956750935
11931173
515677003
913034948
494603761
317357277
159801116
891528976
896582468
948432247
148211571
164609086
785158178
819865506
938065177
806431987
899019169
700357936
329651342
592399214
697312419
674177460
530384958
980666552
705871866
900975247
613850193
606070498
31991946
830560134
901079359
502788283
927758534
959382736
201250138
224790894
171302178
910802424
847631446
256250305
913924417
342366833
879310893
11451499
786283972
449524906
792934471
342805145
184652435
251093409
251497063
11599687
119415155
507707495
964904340
472811057
23669971
228002269
821703436
262128238
247891007
111961995
346049819
733816722
25557460
673766753
683176375
791180495
30863210
22122422
500301037
911675360
982891971
550750558
312694826
517586904
870955722
620614213
695455631
327530727
853759919
109954889
18480935
114698396
477611171
615756248
170174156
189099647
259983231
271743417
708039419
949803942
962011893
117835451
752735805
595301347
312075053
87854380
110053857
56579545
965950560
869978605
151864031
170830970
96156462
673933214
46258300
826206626
610291698
917509895
952874053
906591068
736905126
154667229
728736712
157067326
35071020
190099940
716486163
444042605
952542387
872467634
112511773
772813110
925136489
974802815
438669299
923347950
236091884
873769503
738717246
533192860
499979631
173307802
281956018
790906699
164155591
539361810
463595070
685842083
264698375
406030727
5534282
973533732
220223493
222032346
230467516
975285000
890329317
525008720
166830177
46433501
144759727
621051440
620975859
998980013
780839423
400151514
16418699
423597584
155457954
135432093
439022831
857131986
727626117
902001341
827147166
574634345
494155973
836686279
141278209
391111372
283660275
374446040
618955118
373774695
54119721
67808637
683259337
169856022
284392940
157054366
3991982
399519386
195721547
792008085
359427089
436446461
172741409
674538497
157232542
654927297
970753359
567039869
520889496
466742978
582231453
50449447
574459340
438563213
77407759
36302855
866692036
424723760
863838580
691271126
533252791
365733292
878046990
129395675
147893325
655529831
884853489
656989192
319291417
964294013
352575334
519718462
235977229
100121863
818158398
686728805
980921606
264849186
410103361
301493929
46116995
863830794
968754547
289141323
746018982
547218242
646765072
67170590
184562396
224694026
626135702
422424965
293976765
319691703
15501648
768621842
851761722
741700784
343503190
437374764
585552071
722807242
533396185
296693168
820813089
966097270
822653374
984135613
315835364
274017600
813648837
392240631
713503603
812515108
314276407
235668120
897136975
214186066
584317471
535707278
764086984
835943582
140977143
587445984
65167045
976560464
720129657
755387064
648767232
370436570
534487628
295566565
254521609
553100037
329233967
886899555
857586399
710772547
817548116
226690928
699877437
743682626
411288655
487114133
126559138
261949964
865492508
684213260
734092745
761695394
638417823
804016789
582738194
909501749
37699639
188429162
468208592
100163226
317782577
320220645
965640232
577804997
652758608
411976825
718530071
242189400
244004713
697898779
345064289
740991870
190938308
655564978
249330618
743077362
629585469
558071203
827579792
18572810
242136727
572507154
43521513
223167745
817636881
460619535
473586348
203768723
895470510
226212676
655168086
652238586
54499681
875438502
680481458
587592429
991945556
151224159
466921867
437588404
824678332
818080302
148181217
988019953
454051087
989035593
980849119
575148927
150593018
657754495
708096903
141460865
795164068
693774844
394138232
624249950
184379417
809675636
589447322
366201814
694820484
757887904
319649348
395580467
401140481
928395159
50730971
292017040
749503163
797935306
329664233
403030467
255802306
281118058
555771957
495796990
975433248
525077836
802714911
306813069
767430141
556110430
226004894
135686262
644195679
151512118
565585588
66400272
216826016
553091800
66499173
622996456
937292322
396467171
350528861
807528980
958344586
255819557
430142314
376821610
958677174
168028467
414609819
487114127
714168657
759828950
4557200
277249430
111629596
963186978
238080214
170280350
471537240
169495710
878101099
771618076
830752802
807247435
115219228
844610459
233948742
901261636
970904396
145110817
358098734
711339598
596621605
988461459
166320574
998695722
321332315
863016291
831969657
331942504
43526642
590571529
881380791
553008723
23674637
964151608
519281165
448833235
711499951
653847219
825733341
676155031
349943144
54017754
585570360
968491808
651442888
238218678
108982168
37236980
546448662
622340310
870724244
677834893
219957639
989946779
866891034
262950467
474650198
935114828
308862570
536965817
742384012
599403391
116971357
933316870
447763369
163257529
104790363
230202747
918572954
575447701
478736313
678780616
495738840
538552160
641867160
426340088
589265037
338765552
305862027
993055006
645118745
437909920
178176322
673283999
505689016
196271444
939049362
847680783
2196372
63971612
98737668
82823961
380558285
878864177
746837628
369486944
360836395
845187063
108556400
725456669
285061145
944030520
720243989
657277808
409273515
760519225
818386116
260017122
261232795
305942236
977480191
370259657
830413507
632079516
616018864
900380442
174823677
852704845
565298112
697009778
986063015
801396352
807107381
235327234
251659094
782738702
590430534
689440931
847766068
80176899
395454090
104492969
285761440
996839826
480190051
89028042
406414186
495089132
814644907
745935212
923185337
525532419
466071661
957313112
340829614
594810418
281303980
796524156
861468636
718106073
990467908
724397832
273409217
25387660
181103031
768550861
501036578
694081394
864926158
657439766
314545551
69376844
77740924
10600817
422326241
130616196
322263261
529793447
522237445
284933314
842076807
537608455
807174124
745204977
450541974
23012985
353998872
615944371
548015423
560363077
545135018
116839287
249026304
564869294
832784370
302150548
358138368
984710633
224667074
534567020
597942337
589619092
924771241
563632251
90595292
666897712
379270140
831371315
907384090
141387943
814978502
959276224
146292259
994786411
183823490
616235499
355427738
924386958
781430740
978953996
51312588
959935352
80840117
422566070
834918564
926936404
746305413
742887611
416213402
558873503
534614192
309012934
965176783
389687294
245621420
578339985
959674545
143553743
811286931
499995157
976365954
500617260
313683733
691346109
944611629
564652242
824821347
278344676
685331167
998025277
385257104
456767713
973743060
295587489
992762227
538215688
621986793
373053596
10701211
203625827
828145761
760746022
965540264
76452563
297189049
720014600
468687734
193238235
534889576
59874217
772542947
946759627
844604336
822184176
126907898
671736472
171767802
644173065
390508812
241470437
535856655
625744139
702970250
344644373
565846326
415507933
507835909
265007991
110699967
679319883
285500559
965801732
109352537
166481533
600956384
666676182
740639741
643504426
437466456
281415156
67432711
906435036
233967503
112251641
367253873
496379045
830013139
656161643
452388901
912696423
707214748
285274591
33699683
722744548
312869408
799401410
332307145
428252234
347865876
462830051
467411769
675928727
769567366
149959675
231990267
156024928
605874434
74527073
703565103
436776778
357723207
970397097
277745218
501905689
867865028
347845657
119882510
703271838
336522258
663639556
558507671
793314717
698202953
65450133
158729699
357295184
195284310
220122818
459694676
846037656
865160577
740213186
831328310
64056823
212941806
588864244
779697915
967111853
722130245
99480449
39036268
649667859
871338297
32106780
822074029
947817055
541608421
878200641
960788002
961045465
903510301
296387562
333420102
395442331
595803548
669204669
203645753
1545816
861948076
143677425
484698143
791520373
787394953
163472040
993279538
582239093
58355272
120189046
355646228
303613712
290068489
804300156
833294457
745168331
787438406
456531691
476278466
674858675
862925614
265266439
924574625
501329197
973798522
965941172
295677668
76644587
283629207
446270230
286065457
554124943
878944038
928589775
623644142
869501731
621307568
993386517
504465846
718224373
745797452
13576514
727207377
828949176
774503303
113441006
530852578
18062732
451225636
256113675
757921441
209499665
820528414
785489637
148815276
724421321
782727619
183925445
452620449
608847362
400931231
637903434
800574093
989600642
909409179
158772931
169391381
166258833
728787265
659528467
148920736
322421588
650139372
813631960
85743933
855813413
196014745
238998814
329558925
184331017
917788911
698279160
457188493
942718421
218502527
555112210
182689721
622404420
775523867
691987091
105857333
359140726
473243506
970108487
333709310
366194860
374325059
439808904
654809636
745370920
245448698
983026588
688988079
460034960
222559938
581601074
629841567
227310777
636697392
129988131
90094087
111348608
43666611
159609259
756565831
356799813
894256403
737441817
43761154
40301014
856590072
852509247
41406245
987124801
630994261
471757189
924400136
954603154
907915659
161593210
133971209
886156799
188728379
226817666
238250229
971349588
319192695
836390699
586648250
976640445
921724049
343537684
310134706
414238381
405559195
47038078
421197307
559170533
755147064
745631620
405588928
589086715
268604512
617652596
933390860
564313913
93756293
816811621
356121572
107667267
317982201
105622379
73977690
235657026
5623738
369982496
45434791
591714995
395152919
201659568
2139445
131555938
298356447
694040839
993324519
748800259
306158382
887176486
352388076
550525616
910724305
705790454
146994782
814296234
135037963
743715023
146417111
412375734
893789826
767368295
746225715
370339523
102198554
513296777
640565176
336774414
529452590
884215609
54124614
475148581
470183524
565265445
990192487
311166653
985745473
415623813
187511212
713200434
579012502
356172894
112520991
328614790
783253097
120075750
864644481
536198828
240518183
533312007
212771476
930655076
56656371
457057947
398535115
935002097
734733550
261345248
76805412
679966994
979606252
176197799
442020564
314048885
624131685
373641542
848287881
597199506
910071356
185923957
28331598
828673254
577822725
186171639
697364550
557980669
487319229
594240024
313692462
793515170
91942880
201128388
268147431
471608560
998709875
557575479
527634364
233816551
716413204
602931369
560781048
998630111
604823672
128335539
862522649
722438519
114127069
80827351
759678076
698381052
436968137
784942164
287784083
744785212
657132436
653255044
832956440
972618073
71727608
671700886
331946892
481081585
19671232
396660321
499408818
561946535
85810451
129521370
526562287
545434626
238746006
288198439
285996329
27833640
705868953
390785786
827188064
925878183
38370066
637812348
909635078
904666021
953857372
616974886
429594842
822150884
280884862
548677514
35422241
910028746
902967515
524197295
293818801
574414250
503113213
574781655
675510246
133066324
457575267
297538541
960751727
670215156
537384294
593466863
581436031
149260307
457022678
549229922
254683278
630570727
347324830
314395820
681982219
451993893
274803422
214776249
208756990
763503763
375078331
626216543
700377769
895721794
34132052
159773418
494372016
456011433
114992400
499143799
560616989
751104127
774928987
35816993
9230395
410975714
723402077
140742532
333370537
861127510
999302354
128955561
905897804
832761326
701626278
413648480
191019659
810839345
998700976
992143638
986158566
301122033
600717812
725104822
241001035
816841492
353405956
834912974
465175818
126224146
555448133
741154595
853789446
278206233
996120330
64459847
695289094
647383692
348182859
425365610
309802556
696523778
391411931
122055267
48501881
593432272
427196025
662432819
762953824
353460884
229551507
563728062
51279206
798151577
834004105
203813532
437575297
783324524
668951008
594093602
475642749
626536382
756113092
335683012
360670692
572047855
203535840
916943413
242185661
598684365
711400294
555452443
658544384
326497025
263908507
788659696
150718060
733361701
553128049
569011534
124505882
924277475
891338953
858553366
254587915
750184066
548861472
685573991
412883784
791243546
550953817
575076070
526164303
358648607
98546327
108822459
135771617
524620192
587169117
589955769
909354057
621532383
889624032
476478021
32166518
822395289
650893789
317026614
598444951
236560884
195430321
209959253
130195482
342128272
872057416
697444326
572042000
891591539
103244867
152899298
405276811
252211637
236565859
812673722
147353387
52648473
969818927
687792350
426245147
789084182
751209265
509934843
100454435
396192634
444937863
412921939
724677860
430749834
706534133
304399665
174451515
968162291
993689961
789811451
127375016
886726281
457176536
677838178
97088891
49645147
510804271
699848901
952653743
768038572
707931841
758878521
613817314
56989826
811605686
823347783
415449097
773549153
755223992
658131212
775642202
695402850
555738311
763495571
687468322
415199815
296959615
184633534
52998787
437655385
825755431
695238215
598404744
57916785
909108959
851402311
421140687
800189379
15027728
960432536
764004785
5035290
84570145
111317162
724303553
596633726
858144210
707701936
964947119
136931454
298815862
621500097
21225306
527263669
180464136
839790198
858126407
731943015
762116103
751930088
779083618
595459238
140995701
639868491
574991073
638576544
874940983
962253084
877819410
879285835
253932472
827712591
449745633
538297364
885797773
403811567
388509320
510660105
12449898
311970977
145426008
403515931
913145715
199908716
256954130
765657409
156855151
156388959
343135566
340564869
480149146
444428579
547819594
371971113
43349879
482347050
683990127
558090025
235562779
33399236
420335471
421991167
696218406
791666800
633555946
187105172
211861039
389831122
151441478
399657009
496334569
550136845
4272392
284413147
290505500
376998111
633114362
334552208
157992463
154907883
660225328
451541273
254636332
95876337
384350438
311292359
12537266
855094048
673146947
669282935
568042643
984777883
425878908
255305454
77892935
452160204
259797155
630198866
967579582
607654394
354811833
783761626
354365913
457598556
999821803
653165991
583802265
266004192
611001375
282784881
564934431
776792499
336526298
555603708
282437051
688992976
181940946
660794098
497223612
415056652
375523362
262498633
934504447
254298095
406318077
684548329
771392396
565551341
957725626
529351450
290155862
163373130
117357024
721596539
320483075
595356465
97204300
957596473
691098509
255188142
878374004
366989285
934985407
187960044
612692569
541696382
873644267
218974779
537565187
103429741
682111607
676226446
108082078
466924351
897781714
856005929
849717956
584448225
5114743
219254537
307305146
633849844
309620949
634912478
510775264
656321077
884958159
150981839
982940588
763451476
668762581
899992611
891507332
89933290
488678518
929979890
42853791
144748183
88304035
161919151
984453290
380896408
955666247
50198915
670574243
836029232
943251830
835879722
184953395
682106783
852924327
893819904
600692718
824298978
108451335
405361539
631008565
643631140
174968622
678728448
188088171
332046451
992091183
754898304
801762643
218023539
460091291
337150394
81995841
361351346
190483565
505114529
883192368
707075555
643296727
976035660
23443543
556628889
788134283
643914689
912396191
727222484
807559869
529608024
369942669
315523513
501570511
145954232
5485896
757479292
250246454
976356267
323913620
591086918
871708099
583787718
825857646
339843859
178717432
241828066
668998477
551383452
955137005
47563153
632072163
182360494
120491440
764675007
624436849
980416658
245079055
71626910
161149865
260689047
406515523
789796649
37073511
409127596
87497846
997122904
805459731
199088699
340432004
547552289
367347637
267053236
19832383
524268655
567055558
696095322
175707718
886951977
423049903
53402520
874114654
686445165
80154154
294096436
208328361
252263008
521520951
510640699
163009966
31835522
330917343
418436983
324429192
14988426
359013176
986544712
362955131
23303968
895145404
445321656
770772958
923796432
866756493
531756064
562806457
63551469
870010039
601002183
389726978
133052771
180795100
491374160
720649008
512146958
295588962
45091829
305108106
410036596
322038516
928800453
784876950
348243914
969729787
772477099
895503608
886058248
919948674
338532253
225364403
209942094
776913525
573145881
405992208
300443368
8175120
927885003
842844368
232697992
490351462
661755801
675586646
978950854
523014299
647825470
842129895
858267698
630373580
442325304
489804894
763838047
70469787
631891523
967999873
586766009
93461921
573176051
117048039
824388410
684916146
967487670
184318324
968042597
87166596
120879847
731156801
848178381
800043337
305981455
40929659
304615798
89535856
527847562
881376310
257960447
490585065
376933253
208794267
550164620
64447424
425020973
842805648
698068836
602201027
675266858
551251421
210269389
349972940
46164991
890938730
814197110
513190142
102732767
816740908
371154175
837866333
288450062
692642380
366182975
312517431
599382129
681376269
281570746
141207003
654598513
253924878
932320404
814805063
480280842
521017214
771758520
847923934
535223353
82810970
479215809
756902761
491863742
859584606
26613415
649569572
433699440
532117664
88915167
327166003
398130480
746320529
97085623
88098069
53073955
39423508
184120940
403397691
54129673
438449170
624986967
350576592
407669667
116145189
656410549
991197588
283400993
283656547
198436718
38675155
843873110
672086383
756386821
618228815
415997064
463272999
581061739
463054548
160873123
25958250
795971421
937212032
152939367
619713963
267974433
202753294
953805592
548637370
811612207
740462092
650543512
902359501
779978226
395321987
163996330
732317434
797665355
621356088
730385628
335559826
448113937
180216676
350525572
655519395
642514111
520906333
543786307
877585201
936492720
980182008
240156238
700168594
607476618
160718117
590838325
674556875
130692761
389851331
335803257
810670858
337970036
550910931
779621980
676256808
220784964
609971982
504375831
264732724
242405320
984924029
515288973
562723295
221044238
788453838
336542114
674335131
186100200
878998672
572809809
469444987
505469318
312916443
132492434
822297646
698024709
176266915
174968193
97259378
375009001
972561478
223581473
798497417
678400245
576726763
1
802265642
390270369
821787711
709908680
964208287
173102523
161391075
489674810
902480048
947629247
569839777
461147837
608175820
317504537
86276438
802826041
957190304
331528549
609752734
169359450
107319070
760662799
491315684
786676182
640868190
540159964
724350165
576707540
961035276
475199573
94291649
956469411
40788698
440599943
614633334
501830862
899288590
50635461
790492570
33184736
539794366
417434503
505336818
356146616
15215973
214911874
510127134
833593989
844018422
811591815
543216432
129075193
980694938
847748834
439637684
179396435
336409674
429709337
621807972
667838132
815671901
886128699
203971922
201149389
426783535
602083897
757115642
895403277
830279764
177379231
211009014
781714095
174266723
47080289
512660783
932437775
51653184
115439529
309910723
67685307
765487058
369464627
125560092
827488990
519567146
740395109
442943801
989748577
748879562
592437163
742279160
928168301
113021868
646060758
284644328
456148602
244090891
357451674
760277520
714933307
368991601
372292818
99358306
589199152
543305270
156722958
83924717
462131642
443346407
440296089
329442380
878026746
814996557
787777884
155904576
388795650
488381933
630718302
661628725
687556190
501482954
647053141
917135812
775840079
655570911
729240413
673302907
215415806
210380437
235214336
781052067
860806
852451047
706778418
381007356
268609587
467726257
884755073
147467481
400611328
385527073
834625170
891535255
832495047
618839761
157512157
856855565
701141378
450392960
746620343
539052838
946893197
585402775
939839687
396167456
556725935
848580503
424907970
182360871
351385663
876522941
509341658
358200035
574600991
263428937
361412603
291984989
593079364
671278558
479065028
930642932
233204351
424307724
188559947
604540929
207210749
124465489
290763239
667358302
211921469
566033546
712755432
353057400
762212703
624786689
784779186
220575887
439215934
214340450
58055565
932046639
816255526
478032490
403007778
147239600
461568804
49644691
408161781
355820548
123740566
240044869
674040560
485571080
424038693
599854263
751179826
483980605
975005457
426294972
812560519
521201465
695501814
617589343
750563782
850655203
344163390
34767536
21980321
995722338
712783016
486859394
457715156
612460251
139460206
205980489
683470811
770474207
163342256
29848330
130511053
386112000
858419555
712966570
766701887
876083746
722235693
839789710
367985253
490635862
145787179
899668438
925724161
341243996
519146377
630043991
259026942
929396977
687895072
265831893
603760757
385958283
649838013
662458335
476133087
439917485
773660372
493637437
858956866
386826868
133334552
807680839
121488692
373956991
6373694
533426649
818945936
297311593
888275350
170744551
339001557
994357346
740516121
548063909
9147161
364482379
747887658
708393562
689099048
435955030
290747271
86831617
543437369
548208694
795323479
43982997
279935008
543001198
683975739
931172346
478015307
708860350
803681274
613860823
881872733
279291839
29118334
457225227
236421764
391461831
23813495
193558314
466233755
55245777
228037762
752895092
463412003
544140645
502107124
225247075
351795533
583659973
513833260
162614700
108611232
128072300
626234568
889199711
694190640
555144650
752083035
380916426
486382603
793912364
692109693
138313864
995875726
863767078
638613191
75897270
112440987
835160972
672733560
285335761
888694108
706100984
594452175
538628092
967619238
988876641
775521494
818927541
657207516
365751870
968071199
980699562
914988505
555969526
20196544
454985976
780362429
631275660
72939554
700621056
214890607
943508659
317840185
120541250
337776979
892364397
833407857
542443176
161567181
985910299
941434143
997367062
978444060
599819324
924773546
854559541
846898912
883872194
461594539
667412103
371057358
746242818
508782080
820725825
713564966
203423485
490634604
628795892
280366739
892992912
44698688
182337314
300469202
192904911
90121302
247667524
339752301
923532978
698636905
929931625
497014946
837187878
64213383
833486412
428161824
881380764
142060846
442027473
249445718
59967600
330450614
148414484
543219099
319981776
1
918057650
842846838
837846617
718071276
376141934
976426681
940313500
206381645
576635984
409207920
503895243
458657269
404268128
333947801
759841836
61441561
931945639
280248914
430484190
842499914
958593669
77634775
160856045
287985165
693268461
389061790
653668247
601039568
289192731
506078615
813022190
151134711
343004117
955279581
115890148
982043598
34762282
256002377
392993568
857529541
746533674
668430413
313656353
944362563
961072355
403775800
495019196
463477351
731147995
583916310
33919642
459216408
816320032
728747292
277725352
236917144
56440489
150717376
670875334
378180809
18983039
674239350
548807721
170704521
416972596
362147550
56072771
513925919
485679051
880854021
297571964
212751698
617235775
975785187
463785703
44513832
267573464
104542500
650711096
763421283
433616081
775967008
342260169
276983934
547796595
407859845
135073536
435576657
343190467
894191930
158346667
572484630
5057415
22795090
531233047
797516688
415754719
113195149
810662071
988554514
732114345
730277685
560122716
239999433
843454437
713376104
86343173
778023161
378443586
411717353
478091457
706764758
929212620
888631443
875730627
118689770
719944170
178190269
451735647
945653640
991717759
999151767
330717993
722347163
223426285
500177280
183877340
918420468
620878209
300538828
472773813
764350331
528914652
917754627
860916296
664246451
152463162
34772538
318637812
537413568
436845059
711939618
309510584
116731263
362991763
96443297
882806345
272973053
895831220
259621150
159899521
711325620
164494546
612876395
513375792
70860102
150768489
629640253
864955504
316580751
975333437
811167870
127497306
788530405
754389264
123662278
152919708
594712479
738706863
45626547
455512649
909651478
851351915
915747542
366734406
59522350
680890271
897371052
686460706
874808162
848142220
858986165
68780451
303397329
711296301
25058711
389264253
173177543
184931117
273866031
512192502
251988623
152405975
662250975
963367229
988110803
528462641
213209773
76450020
623227238
249259039
559087432
859557263
77785588
717368586
884394441
29713100
787389621
949272469
40965373
107280243
31123345
577119674
614536310
563280752
434568919
796786240
250241025
457946960
841101140
643618808
451583090
50504163
351608372
253773501
8951035
906580308
614308187
921470607
845257985
909961005
755109978
546370184
56638969
802123536
632233321
997349304
166340841
513873852
144653184
554272308
770255727
413034599
781065553
821295579
491934936
914924973
988152629
440073839
446006753
968131263
678805032
15313634
119823933
930934945
145981350
863266530
54071904
237808993
412182759
627673535
515638890
819986366
95461359
552694
422429599
220552803
905244784
269838447
564092127
574348444
439208696
951522400
348524429
735985762
885617707
888707354
852742511
897536880
159315747
373842880
958720442
189981091
536561751
997892507
809504937
36323966
770392666
970942399
852472167
955162464
141682104
662537450
714966738
860461401
449395950
85080020
970259146
701804619
238323115
641149452
874073371
128757332
632263922
588637966
952408979
934541376
128890884
970858609
210281955
407372748
743084920
527420052
448268155
455246608
842298407
806920205
457601103
70236669
395647303
318352278
977201757
988790953
308375078
507267414
873317254
8282770
903571862
26822036
43085288
464505163
301969787
736953241
796181578
936145148
600559519
311203539
192523123
522789160
65044680
737178113
211259112
453432862
789780385
340403954
396631778
518680373
179642112
457644161
137659443
966980117
623944540
827784466
854751971
584396309
543107929
926191251
834804139
755248502
506003474
938770722
142553042
503440348
226832974
265401925
998539705
213901550
973195434
888856831
429044738
519924724
557432846
347072133
502944495
247232283
602888314
38997543
728969571
758456375
140962563
735495299
264942505
402739073
400834155
433923777
718753198
856998516
316030453
594499954
237579436
429843130
826583259
750885185
967153810
100997191
273790229
621086231
838717307
871818464
494233733
266652045
30002837
20454366
828986547
729547742
949249171
80415768
184278648
768407290
44885872
205431572
300126953
842679906
333689231
455468854
746794154
389162304
983777013
572972724
937596459
724320313
409009795
849532317
857746133
391695313
715180539
684477482
382373260
509716306
554477588
785402175
709825703
27059886
495329944
274258755
774212321
475419202
228805137
373993346
66334677
444002117
242409705
859196115
821201624
522226354
604710717
285663407
727155160
617689556
281815885
482080759
65839630
195412477
188915248
397821176
107217041
318560739
928332980
922374693
311437392
104218805
500718852
979404489
316175795
20883776
277438896
327596871
406494492
566127737
815772722
350010048
861322232
536407931
367778861
835460722
165640397
796074478
851853623
792961982
347266451
103798553
126421800
563570866
389020418
973919126
312121688
451011104
437733932
265053933
744321022
630329764
837069332
968579900
590000156
120803119
830809927
405485348
817461539
279100458
95189654
777075378
677549861
4886669
113189352
104814748
966164806
212720281
124912278
620371369
69747063
320464381
633489818
34893186
589576968
431833009
603986752
512978262
804220015
463110789
244976337
807919062
192739502
948142194
431343632
833059491
714516445
67979711
475602712
427316929
144453448
688680104
970151761
890064863
254792281
195821716
855667374
273238245
562023190
632717618
356740642
93045251
90873761
263375500
411670551
208545085
652390638
76484747
283212137
818428087
375544775
686507676
72743268
677285282
938567774
226108705
332681148
963583167
235814694
6197662
632841712
910044526
374451386
214842678
957025951
988721580
257952555
536448670
582422326
913559154
578338882
436402439
376397387
647178907
547218683
617630066
849372932
348947580
45316590
798497937
378238313
687267930
921078266
214136198
513337848
873551778
149215203
266156601
160483654
204719408
563425642
460587889
814293895
562208604
793841484
703359316
339732126
26639891
117673943
951006470
506260502
903872425
45527621
62700134
738808142
810918277
521796889
112636007
114307473
166110465
334001574
773239511
658918663
45081890
950500301
250208841
923756727
562716817
743783746
314936467
165160693
469299381
531810235
790071611
963727181
884596822
896513930
307554505
61166948
462225252
489887024
882017434
271090934
201153556
166894124
820779759
445929837
848958478
542252613
30383788
682464386
77728232
411876542
304541589
695724389
348334899
704131912
14411166
910344303
364305415
235582764
632633739
614559780
640426884
540268848
571862942
189656840
558673672
758324763
313922144
456720891
492661614
446188573
655294112
332362207
580124940
780558009
453874793
400918395
407365496
94820894
432316964
564575282
769435656
365300552
665592013
24339641
975297394
810458373
630484679
65331200
772325726
210997233
334236136
508471282
754768798
162675494
955982672
595233151
146500312
132687450
165252000
649176101
213708721
603393736
637661571
806244129
727261500
483858846
219339207
180554261
83713142
471268142
903600082
275989291
359310575
921978961
869607811
490900879
685336110
8839308
103684574
725749813
316113677
380932397
514656681
186126124
680888902
583267245
832667691
918650634
601542509
569783944
67207841
592859391
529745042
192015689
557785168
707168842
325259675
157898144
922844618
161626177
787360535
540814890
14045432
42536646
315332339
830792669
265498717
812790523
963071117
25327630
133305258
79220036
71157362
333380696
563662492
760636245
515336856
801557747
314609409
121756286
70273940
267675141
652762556
963501285
422700643
832846199
45483393
767729786
991863733
560449003
827674152
467647108
761793389
143706832
675757611
201875439
151396394
842104529
789436448
344443480
262234834
534238927
874902417
513706067
943165549
105424874
697807128
893017837
868514817
622945272
117301431
482294922
332554717
672808684
935941557
207538194
772093317
567613776
839060486
124161454
898801248
459057276
648962531
107224019
38062061
798820318
569462163
293814461
163208968
820940677
225792855
502679917
901191120
794705372
309458631
882576927
614848674
986216923
779469096
309676560
648938219
50640563
593638479
924268271
245580903
534035894
405266886
31555280
223316232
457040830
250873104
337259353
594153750
66172067
885924726
795132755
527623170
483061821
209918992
140711068
682465341
96356993
458067909
102162607
236587712
191779921
296719563
466157040
745420902
394898191
432178252
299725021
313785278
44401669
580882211
725653238
776093370
847655586
460294381
844436916
725207322
747010838
663909157
57074368
627708007
138393210
485196900
788392765
924926638
293293362
43796799
87336561
513602140
605395571
714203663
316749602
570581276
494550164
229559932
472289993
447513381
902084918
259297301
92053932
809965194
674527955
51866874
426369318
256384467
293454550
727359027
295542004
863558922
571580717
385641338
170279849
754720570
87518901
39605324
33832282
994920505
682821255
655676451
775394557
163311671
605093455
311294450
178509966
259262428
872145041
683176486
711077227
382663245
877066538
752503841
166163838
622883779
375316857
50156507
153250162
669991545
354478386
43234123
565943185
267984254
195713790
508537556
753955462
330409928
8995308
549487048
736730869
188883517
471733023
41732133
116492515
563307610
830726924
701579849
879524743
735719782
892677871
696056312
501106071
424307394
361091218
281866357
593399096
436735666
956223117
72552351
556114758
156678715
633625272
703494251
435911488
342339013
635275430
677652070
476329113
71968876
132526933
241907841
716373389
680600146
425873752
811949435
924122021
715828454
788215986
640099992
736333813
159641645
610574176
615227101
984989691
420263796
807373691
165760672
635622120
380728697
314841554
23428069
323123161
204573730
908291691
775275885
826884727
342388469
453576129
28929975
23353812
169648370
739097352
397229333
37137440
214116871
408302825
884935551
109612701
819291733
340317266
830066955
451040330
990441530
218966222
172981903
464105636
799918321
99250584
943905556
470496360
92551211
476417260
972782748
442553861
614061274
912403511
501208301
511763955
332915263
740510427
855650517
122850494
549292754
638193350
828076868
849114662
127930914
731936783
680397390
817224008
547857804
17292114
468141018
803631965
307746916
988808459
212677173
820608138
734268121
980258174
565419883
887170494
166773803
48827775
719309434
193191844
9081366
191198546
296512185
267040040
836791715
843159566
859928733
252382664
334611609
58133677
881933013
34127213
702078749
924740582
819837386
53129396
94147736
902638125
648516786
62372647
653886821
814374848
769291615
244749531
900593694
639138929
794611936
652881378
88694253
176917218
825269294
836750615
810381860
510605152
309424745
23454235
627891739
683813975
317891127
744273138
695622130
31816397
372344908
552908962
834349146
335326031
99222883
856218428
54842422
231749809
676343061
148447768
783292466
954354259
871992271
236231861
208737525
924602047
388994373
340439694
355878481
602725999
78524674
539596897
100647243
982428559
598242573
238640719
796488720
636284017
848339934
344167718
29272206
477714118
502665071
594989994
825104166
153195330
485815903
199879795
973893637
642546389
145116000
690599217
791059525
882199747
772679056
28132839
700982480
821790471
633208374
280850936
614833332
326183821
225495014
435857226
544327341
689298705
805288577
722992544
278653236
569158571
856674295
395988755
401224594
905050882
819466304
7622306
994914238
170377519
985436668
447790067
134214588
4894603
730830005
196881833
96878710
64930216
956520112
936679995
618810858
182913016
138415128
646138407
555538376
712415466
208370024
449567225
284942024
914830038
164528817
932970931
712468730
251556991
594250150
865308701
77747228
773116594
905770151
924192456
154533438
752345225
441681369
198342297
737107392
363870369
851459301
31457693
417934984
713100879
238558113
485058539
594312495
135917026
230436671
261204811
467889656
844257602
287845851
359361170
896116603
454673345
587089894
909126421
366748399
918568543
694143313
926570729
262254309
171147849
898341641
171153851
989371386
890793782
43986298
793203916
216563778
151749261
575226086
235992008
648280431
764491782
370032183
875339062
733199752
130706928
581197173
124821158
430251009
185594394
388681740
77541098
562077876
152791887
96071713
618243668
181128690
401297199
134614991
384721072
966172981
615492593
205929670
347904774
926032329
204970370
725586113
607325003
183459197
480149786
775202577
518310375
627304724
498493499
420875645
460862013
283832388
314490356
581094879
641851897
124899796
14326268
262817241
323162117
757967494
950157958
689663871
159012744
836836368
358470700
865869024
124732534
262291414
425301471
381495316
901918409
75808051
339159287
102574740
205499893
932809724
775539202
533590829
636458185
403928229
54240877
693294916
492802208
968799351
79260341
585105668
919831127
790216288
420837642
853452913
86476823
697911219
515913379
43361056
388439580
565445274
594008215
244939876
226141502
819195039
42107327
895506692
724243293
594741113
60426680
264032841
923178267
587155758
154290528
742708665
254915895
26597526
517965719
973204742
303520575
36175920
429701324
656384570
119862364
620452208
548214115
243784181
372845809
384269318
765811336
920611534
972308681
942193217
29279563
563743041
808713887
251189394
501637743
257726024
587108683
651590363
908697581
844767246
134281944
872787382
309384825
1480818
786011422
542206239
343224048
375321018
607851118
830146598
722987312
597583026
99829651
956230157
605291277
492224074
694088988
375573804
163430741
243176884
833502321
942541272
616301970
23885582
408141474
482466290
496318800
803053735
237681360
830128562
779918237
59617521
569301725
251929713
596312677
611091384
390934018
552426427
920388516
953835976
719374786
246980668
81665172
279544082
318850182
364417676
785475185
46845089
83869500
404853683
948717663
637464304
819389186
234806679
507340651
359698624
949983113
257851237
978753503
308262619
646129122
409587988
544074274
137866745
902820852
519959155
597688163
483924687
174876876
12100320
239863924
471711324
938011626
341880029
805349542
4390920
639706817
780545070
183239301
4272394
187189058
359758016
233547901
845271846
298962405
435762330
251779545
193224367
265028770
825498616
602367434
718074065
600197196
790072050
879165451
905002796
712729190
963194336
90614197
526395644
546900707
218474021
408707622
874288439
51342618
341951716
242087878
145961651
47545965
370605137
811564716
509412996
861312990
298888152
997908113
385672738
594833558
462813111
370377886
52720083
889184401
175707283
467926161
406651540
191117744
76544848
140137044
462952811
245586727
883679980
284500354
663433683
936326287
322023217
76335076
242726407
22257199
279451912
924297553
649426806
792789071
337643553
703699805
672876816
678575764
208158
41222494
740174462
54510409
901821473
930566441
325464030
197113761
99819178
966934749
734042506
346862242
884660937
626445774
157436521
167053406
341787141
900953350
704416892
48793868
67108762
499038108
70018300
19013511
106487257
461979416
133787528
253304799
743122419
586488266
518159247
66592543
229053995
784931605
757133651
853276220
314137699
67993633
161515906
938499963
352315383
826566220
68993737
161245803
492836313
261750295
453831553
6679782
8414042
632310117
774808913
972399901
447609822
305323542
957037334
676986625
800590756
641960230
489888365
539686429
558965334
649624966
226402934
448592973
650221105
332708988
423905246
68974275
876731059
908173928
599818919
630960339
166085084
183873781
795626602
994362570
461577680
575542766
583636621
810122933
879228812
172680312
136488573
728621842
730371517
955377627
516080227
470908103
408230519
602258045
937053710
953449292
938549068
407686563
228909629
492140837
284459485
98117671
434158230
221505353
237427612
560960318
50205461
744251836
593106380
371046028
575592428
186538524
86664124
451295122
621280056
109556875
204366324
511393171
561573047
439378935
394768193
880679991
473526489
987640238
992490719
711291018
224910844
480793989
35313878
36255190
853258992
782774305
10954648
101675375
291473133
965488859
221717017
163166820
261508830
410707865
724388245
888634113
195857121
678626786
306165686
715136249
795958051
47933237
774530438
510368894
783346196
915436264
356310288
767197596
26954518
945108111
191628567
468451145
772560408
870024149
357642276
21419527
464917154
112909072
549670177
144376050
151309680
210799714
349859581
795840207
535840905
935487862
218448886
120457554
455137978
591251400
257921739
451052563
52761630
295712918
828153918
16253459
415310466
183254114
242865007
629104919
223799855
82201865
145389734
137066864
659677135
824189234
903304155
508383208
940130266
803522195
383656755
778136621
892665743
46003876
916393696
678961312
54835640
947035081
972396991
236642813
964980788
992403936
900371627
173117915
416648100
759221191
320561003
686825562
895889607
649612237
57597978
426386750
929799746
448607032
562294008
948402160
766830960
683709285
26828643
746710087
794129615
129100860
426283468
647169737
722230296
992194311
416512190
326000709
760403172
484309595
740209923
380915964
791137386
532637450
253770030
361036907
628163346
270233817
468358539
211102561
201068090
701015973
866277611
381664502
965211936
938141088
430333126
620915810
904763688
145914
980950562
855733354
244631569
384611621
295055751
447752831
658296066
586507590
185335173
934044459
679729979
360960320
247836425
215888206
703171324
186451539
641635022
817890586
612895308
982694289
178915437
568242288
635676428
635256894
604142707
106305759
916341657
479530872
477504572
828083338
612535554
374938416
969020760
590851247
595355708
286527122
376230084
546642857
28773498
330120664
550311928
670714517
781856340
36657719
615422159
947842394
432679141
328476622
664294883
995568418
906477579
195953497
604962162
893367421
552642304
451204354
970122700
559779188
757678164
695139385
856932605
192377332
114513253
313738611
845759314
216442398
678691726
672001494
83500114
345442457
398991901
364626794
734708445
719100322
280102672
302268350
614389720
953300255
548551032
914439803
408822768
509743154
360250634
37250760
658403276
503555576
24789746
383940267
457886973
824825524
21634073
845988098
433650716
353597595
561611113
285878634
625296373
66313444
58236545
838289604
116477355
695585382
979672468
221329182
279834546
289877144
832979912
731018372
508336408
800652322
947904873
598792999
211788205
966815395
971362423
917060442
662191691
376615383
387798035
68562050
564387846
957141972
431523550
878262872
573009322
281658057
114693602
606599028
245253107
182087170
636590829
461266966
167319110
812903381
14624838
403043248
645874743
46308386
778606012
279616879
469978898
825546407
825246998
644744936
589883732
289365277
437057579
18537309
875203095
471960143
670066775
656955880
778853737
829434349
2713881
761740518
957799006
949618734
464527441
379088699
289775294
624684094
155176471
964352290
80275949
583909545
707225856
853552152
40071908
628175311
884183899
520248867
850568835
972337262
265551157
687018490
102226224
226456536
486867740
466136222
841597691
437175216
97711700
643977859
972926570
212139977
9014251
796474183
417776285
631818697
642792602
417952979
385350322
458278489
820320874
772849097
337074851
240062972
170984443
424141580
61425361
129919202
953904961
67483173
514082850
106365938
327270691
72728639
606575206
584763216
50850164
628676540
252835453
219158641
938017030
840306126
554009973
380305801
749416883
110652460
181043223
636409590
876394315
540690134
257044898
570600076
130834966
998774068
890809631
340299178
741250557
965391388
634167743
70752237
404425429
928888135
97935090
386834126
554775188
662872278
977032340
523149016
311595146
985404354
484761325
393066931
451229408
248096769
377925795
427432965
777941098
193554706
171850127
926149890
310244830
256673567
360783292
979822823
133618644
713921142
369597605
207912214
694519122
326612563
601765577
595134117
119128121
50507806
783636334
601740595
212851521
691459716
586064412
488435901
818120892
284940787
342957869
149376571
118421115
527431444
449288109
88543847
8431477
35541434
859237457
878796424
636437940
526997217
997530643
416847912
570081796
678014122
759340226
860645008
183459362
818888798
282569337
785169176
902583695
770738294
588865401
166344351
529826252
369491827
567306377
480583357
180227981
276058813
441549182
500871977
670754482
348135144
319321624
256256842
522526157
525648445
740251327
9825988
930262840
553821044
428289006
373249925
365504342
100180700
128858370
905134747
879290507
838630130
490221244
192746659
794512533
707181211
686579921
916605964
961454375
486545157
145076839
381696818
400916137
884320697
530927757
421520850
898048828
782003612
503936411
658302331
966874375
555075896
468361010
11690854
713435807
8473688
787441587
941429337
459445800
391168224
478185344
836525884
639746050
900416601
652014225
858096336
611396421
249034018
598141733
709084505
902751300
490038974
219959824
557216222
291772461
611652458
910230089
230595234
527907402
173443898
598490819
104474419
828065142
67625244
643427261
992999460
9214741
605939210
476906567
206906780
518042566
947441358
851279332
962784417
371884934
179782138
276683949
51163393
277083893
183046765
939357400
563117291
47702533
855786827
300374403
405957468
264095997
423663724
642865270
207201468
556035148
124967248
633221250
185919123
404199022
848335808
446877965
36902979
392600969
345261096
871037645
238076215
852907725
183792541
145010478
280187194
530943269
513633805
741499960
11506751
139146798
347373427
916879988
752914405
892078409
184225529
67616758
583356940
751080783
104317716
372339393
308652472
340213463
554850058
299716730
375421455
5701781
959505656
79345539
94988731
4647103
91862253
653012092
204053404
169660091
130409893
159927706
74126430
916336859
661299359
616040845
471813840
305676319
292693487
242964021
553423798
211697628
443254562
632501979
992446921
671625085
519091403
266416117
770993040
346374695
243272120
798905050
102753646
208672335
456763655
199617437
438879891
538882374
565500425
627013312
559582586
714485782
331720306
969502876
714189575
358200057
533456242
701342804
855117394
596177104
384840889
934648099
272766493
227529982
443823070
844876269
382602517
965205650
28676680
349740867
103011629
834016149
172057668
323075880
529597369
198772690
276565631
680052866
739848253
789934071
844743238
971707674
939136228
816775609
681007817
154603045
249598631
810033435
748776851
716411894
495476228
417375003
652898099
807142404
37414628
461372456
921404733
622437680
229855304
367151253
362426613
443002978
830954742
156312177
64100156
936231584
619404721
60003050
889395150
137464378
220330020
210458931
288249605
478325846
820572601
992074209
537875681
888051022
263985130
897731340
309723673
923607828
201283787
949919672
253651118
915785342
457642108
147569447
996536385
302423436
243045708
427131709
302469921
275891395
843797682
152153032
364126852
596510658
421622925
583231545
704858723
28209226
159391410
218791210
787193891
824427826
914526407
305923570
2723313
809319338
708178448
494941848
504651184
607314687
840395075
363455225
330938042
85539177
150519136
262691446
412444658
752695437
565271058
902073043
434648160
169990427
564922388
924439451
453270804
828439492
153999846
845322142
567675107
212084982
943920411
173165655
569243571
313962025
495139226
268566868
403417788
570060895
241442608
629049284
175683761
830501275
304915583
645328335
486419861
968092822
723806078
51823190
252992150
346079760
370299360
718308233
806761383
411341315
928898382
286022351
794406806
993707520
304620096
594600800
249786990
441417600
914300397
733752647
79607895
887738
958347256
791776790
632047365
926255149
107195529
148151630
635483580
379357215
724233093
195787879
377862634
663363936
839133344
682825877
450584163
901178437
965590402
177098871
758759154
140173966
445492791
838930732
243165947
162121739
663801776
826327185
500829307
358697041
860854656
233151142
931538936
43419497
459351469
484553851
603812528
985431827
48729430
783303802
514270779
355095197
925998813
237662671
511128814
84509707
877290641
767726474
79127569
255949077
296675794
855473714
293535416
92747231
645672815
888793769
562850947
207041448
305359634
660101338
367658209
963082927
534447146
97854220
528623457
692006008
321610031
868006645
454591015
543063050
252019541
465929951
975736776
381698080
373064918
630832292
863934461
986720750
725571570
982373284
657277383
440627458
86361444
65899031
98821968
375109630
315643636
138700357
398449642
470186122
743650645
439274517
191641798
186116713
816018691
710452562
789082382
610515458
112422080
15715135
189811952
933172693
936648127
805657048
749224955
29567830
147766845
707347890
436762920
485875678
106621808
156471104
407940227
34098027
961354549
566999774
598980053
739077089
985318584
146001032
698101284
424734648
267078806
621642518
39205192
707334230
463738840
454928491
312976152
940724683
902722871
519174782
738590559
83172500
193167874
885052256
153581254
823039705
140689423
332368632
995998517
925311475
64968633
877506332
775863857
979464733
510599563
883882363
920407662
811482183
223056023
138432037
613469390
22670826
569076303
145186795
157980755
180446832
481643045
621746280
110833082
355018421
570567900
980305422
687024494
80708008
684232675
358847187
227720987
197663124
141640617
812661433
217097925
111261190
239204017
791472821
271145080
10005416
340488272
402574787
809679990
850775673
245477211
107831182
536277858
227879362
664784508
975024683
859255635
4329741
106670974
464140095
830852472
44810294
333480294
993488950
386448830
113972833
23555482
297391097
121411950
715528487
33397733
450305500
612978345
86135621
142466955
533666053
139729801
245661875
948717654
749344091
902569928
384447744
583012401
771381865
115194073
181709049
982967318
907787213
409263381
93650061
55889113
166930414
551143297
377011052
963581826
401229320
956767661
552526761
881014495
100634140
584636171
458917626
127007749
159623010
640926827
773428930
945586629
760408800
548215274
516178335
412132777
2447638
8011772
542279525
648729944
416117783
763700140
29761519
545530116
410823334
749816992
785075174
411487215
822234012
746252238
120708403
958006691
892195031
853253741
667304070
249246805
734553148
908708652
756824195
676228423
580041036
787093198
65797828
480535615
379615645
534675807
259562939
177684972
751924704
290176190
680527319
560355262
96373647
548199556
957498785
784944304
916227224
266652540
891673411
596617827
962964176
523107999
368878029
157881332
577616945
15802109
361890659
185836062
221107869
888782571
879726645
9035221
846987758
849290826
252604033
993113157
885340277
566645831
492925700
269454687
536371958
333049195
813932039
253911695
271253077
883580821
347102246
280697723
859455733
182939880
509140801
922869886
154436902
78236895
617174332
976835296
925112332
968465860
372207253
980855672
204778902
476753856
863470567
834757957
736370038
129053490
31825169
148694080
476208134
332566326
268893612
938367619
174356201
445680711
701505098
867417434
303604648
680909893
374035143
110221061
668286835
453372859
547742069
623077290
192411431
832503309
692898476
396615184
558384782
71788733
449076519
317696300
311836010
81179991
659357370
269325795
740756290
162804230
678177362
24762157
170553413
765710001
839165742
685534311
224882509
938939169
575383953
808789760
536533076
733103431
430632265
288607689
796519799
239768889
475838908
567466287
343487159
445199946
555001732
309153224
982154958
474895619
128666893
675685824
626837213
137373298
347755180
218610114
48724446
97987820
624193032
428983037
325510443
785132374
207694033
427686960
906768413
32792169
922515949
350818031
705870366
470146600
904881816
367024118
364938440
168617275
381347206
112387366
873326236
688482485
805272485
643818012
540575689
999475215
582177593
189246887
913871074
62208020
916708018
920007576
657044153
149517525
493363937
651422538
453128963
9275212
498071148
854329019
534185592
279887281
878865692
18021696
707604321
316770006
785805131
420132194
471136152
262432665
459147809
873685580
335721810
808954182
152010724
748026102
992145189
714340703
283993009
442623213
74589787
787706189
74685106
474303281
228730115
158907027
287703125
200961298
443975620
273289585
795095681
730667600
484911276
902964918
610612301
233583030
352203319
866228014
890591138
194294196
835951008
786205399
910939115
934259723
61967698
349762697
125923964
434167974
667549373
562280320
253182806
892477189
625781784
639851418
669133979
438995431
250528865
541762099
861225689
108694783
352173389
601552781
204707461
875031849
373185643
324632809
23291796
349077224
572191096
675505113
506718404
153265194
452468899
334253597
724687439
79711097
533225865
751903188
581841793
477122853
430367770
928255176
892108135
47009131
923724138
617102079
451479700
668165107
486301250
535746929
300197430
320857800
263047326
875734871
445441934
634893541
507347153
288221477
137154153
975588260
673010534
622797006
552224897
507806259
595681934
626649452
344682321
138589755
731944541
316293197
75066151
753808619
219891306
760739429
87501457
394124556
274566547
272050374
330875382
896718871
965683310
352867830
714681852
519410288
42914540
757640988
606052090
628744110
537514304
523406157
619402163
659462958
976650707
684767686
599109541
659199160
521247161
177708184
612389072
608533629
250349343
483820496
161581088
424768794
925565526
924802453
765448145
926648968
373779971
365399375
95613056
795411728
78471911
579732725
413140243
975066983
806805675
120673101
342622404
7198517
80603249
524256304
666284018
225953158
130643435
502511541
493916572
123880186
143230294
357299663
211530654
44677636
347770356
943286394
583009330
339703224
625359084
52519255
201107040
264189128
262275027
601951310
860120984
558834269
614778653
32985993
972840526
17827897
376563130
486278071
285932229
305943423
768395155
283941896
816658633
387594194
307833862
21637912
147922218
885754205
348184240
555084264
115184066
705299766
695405730
253278902
341601972
949357550
61363281
846714571
780422796
895704256
576660716
420222305
625548491
795980192
33748744
718821242
23451632
925571623
971737898
552182409
689982798
259132402
130310377
788108546
95832377
586129779
853649195
715016082
620907964
952869367
716265249
390908961
72245213
144069132
556066339
588326449
957160083
29628130
668929405
702151707
624595235
354929619
259505578
141156275
240608726
135127895
441052690
468861697
656971310
555612894
367624217
810532664
249512259
412335092
999605106
830611418
500190881
670408447
302085695
299446467
319061550
691810293
608927725
898306038
64657552
831158024
629727257
390945651
143621290
299579304
46570520
335865138
44939394
826754772
69848877
2540558
477662825
325685083
145711421
632660809
522373903
572044926
272750941
1483947
399717574
387504857
910791011
657432321
677636104
623287555
625630770
581723565
376996817
85796675
684902038
611730982
921117883
609829534
405841872
323300561
146335328
830741594
909239795
725089296
420085127
527902128
8875406
226459060
40676647
60366455
448095038
917509403
795133186
856450888
361622115
408413118
240943017
739365669
107401228
605319431
353567321
125017167
946698780
24944876
321001022
231169656
454698813
804872080
797632952
647734162
703432207
922189105
99483815
654186049
52929427
743433212
580912162
993454848
155342154
177147199
948248560
604866204
883955520
361609194
527512530
849754414
525490309
414130826
252589324
817205659
811704576
114469506
541045770
345126592
228279134
955515231
295949837
773158011
120973382
504946035
782848608
471722025
604676986
14619751
64530114
854719397
403518659
311569206
33224199
605696807
280183377
157938860
81950340
185460459
206744439
533671354
565409281
705523271
453236674
709716866
851165315
224414978
869147669
837459111
990225376
795145502
125534128
502781101
640955284
826432632
506835897
613773254
384667055
827765349
973263531
693183038
752183745
157940847
897619587
746042036
28819441
163231888
865308634
737664678
675715084
50067285
303738730
249594644
218662058
771039430
959384172
642783251
533256741
229522882
179802318
550677401
669959512
336367629
159698961
480853236
236013963
778436343
677901874
955581298
934074136
4646957
135837966
949603065
119968933
969494912
149585909
309388758
407918370
851980000
807087622
456945595
639809054
435547077
402695917
998652412
272440070
63504251
843554282
954633971
316929926
542262167
628822741
876366957
490682010
813762850
495220699
284557874
556835394
456750496
288350593
915874753
664231303
409302785
564701766
473441938
744166979
644793887
725467867
61425610
723197277
193633130
215046468
727856367
706322427
872716855
516628524
523471735
345655978
503694249
998066522
14988724
726954866
567006497
192756060
626888714
601495153
564068015
121347495
37479358
755494414
373360842
554889108
741836597
520109322
754395362
453526934
21090528
850994312
96339976
571504944
972738654
419023370
42073251
46520362
962942894
315567861
535547252
223591904
866799416
161509637
43575272
468765644
731103155
215633757
882070828
485012890
722089
892038408
410255956
345119049
863204175
82892684
943766961
731608200
874275371
410475911
717474270
385508371
832111699
313834502
225054189
705315995
378534137
933308145
758830611
351775211
898580136
132191459
187371957
313735230
36939349
782602600
437739225
118176051
205545270
228973549
274570346
176967335
606654830
110065922
445045681
440150454
744115942
767224762
511884528
697970832
902770767
1252425
651928848
837244377
788463980
674746938
537121930
829475338
491386772
452141888
389089493
434864657
849007833
108022172
988078008
818117716
688862842
164339299
888675645
990304262
427103164
550073656
120051118
162086017
227533028
139531220
325568970
499217880
960312621
829106273
795744761
2412895
340961556
808837975
818978633
324856321
804168763
254354581
980880635
872882913
399754616
112602016
2655327
557304468
239221008
236482835
659740028
782043607
221139185
56716218
742061894
491788829
863534661
739633245
257456784
624294214
513259168
351744332
120764229
47713148
740636994
835931193
382130910
187647200
26522620
265633083
280780141
418973011
550230894
259532343
760898366
916946725
285106332
100377334
725595229
117012004
330079436
694594174
85106719
470123404
30212377
937674520
10550722
810779048
355997754
361136591
830288058
953910524
163239927
888701878
882373306
430849873
305429977
40879873
589952688
935101970
671431598
406857422
748626929
202427925
279882657
860724762
940086834
752384202
307050556
962956994
252497508
616527030
927981334
50156725
300010064
407140098
152973281
882032792
150722792
110032202
937107118
93492469
796981108
791242004
657784773
67486400
60655476
535828257
24396747
135087883
297393364
695936257
128036509
499194419
710889023
125140882
51331584
53808709
250882050
400880895
759210737
320424121
835004975
945880009
387605589
661045110
508786329
216568622
664948799
705586360
606856102
277328518
973313145
950149955
130640717
739633900
896659672
432271256
746964282
227678306
90570343
657044647
89965508
499953007
620972094
832816420
585007031
945290109
118339976
513169868
10416655
510316312
326238957
802859656
396566604
590194605
412584284
211841514
833904503
981186780
677592558
146827880
95061560
78511800
878960961
738241412
30707139
898091619
404887994
278259254
629168004
844542998
551142652
717383238
196521631
288478475
158911147
867100639
893614083
163730624
594422327
745344327
736327254
644272031
707883613
693946581
851528403
216123171
312999644
115414347
670153098
463478064
494205798
947398769
153257711
28827282
361241327
179361535
575801409
371058175
906243711
388658878
315118313
519266384
892520217
816367821
7559510
408834541
491076243
115848574
785274554
290774813
860989116
454472104
635681111
704685370
821935042
68496869
84414482
739030649
669240552
672099533
608088879
344223022
593396602
396080362
19610533
125499645
684176569
660324949
95864107
585207183
53066003
374939276
12567034
626642401
588206466
252353479
548504242
947755092
60343686
24943460
712866501
915948524
866795509
537482356
689983770
738942432
145581067
148040586
129971526
546582231
436721928
430855561
202121486
686512795
358302975
668128184
464972308
461335256
651919236
86662234
207258095
696409725
937643824
416933932
225696567
500690457
336422820
115839488
153412026
80277006
163469439
614275644
613886394
347011612
876179145
495477769
545798850
979342752
351629890
670804539
234777933
524510023
827345031
268731561
990407405
803912803
567946509
2483805
177678859
420624430
265067007
686663582
103760521
728119775
614617659
932791439
963477449
121525071
800990384
222611385
539173081
971562735
695347908
917806221
584259325
53390353
78464610
66529224
868186579
937516553
905739964
337206980
742061980
841811094
559737849
470173855
617752364
870694093
728705513
314603121
918753493
62394734
292010538
193899172
440942375
482873463
236197532
839818040
92995327
697882565
501829293
753977915
360090994
85039343
466716944
7081741
560877851
730644300
290777849
75471645
488092877
715030237
270105971
553569432
267916578
791510150
16658671
281714689
391744785
719128878
926422106
194197587
593950247
413326118
248073259
21665277
627836609
554335660
235229233
283070862
971374454
670475849
57523579
868653236
718612397
773077881
521319605
756705920
826420369
357175375
410156440
584021707
263403158
929834748
988376009
802751034
100956166
144795902
556589571
890901893
390115979
35638126
385629820
513205249
143298932
225495799
48575068
2832303
621415671
562720401
291694097
156068765
41051804
192146620
767368388
239340160
580413210
914261977
228323361
948060052
428440675
588694535
420580528
560716685
340703577
194778956
350003715
648824854
433623502
764265718
281732026
746828899
310796664
176307425
639122296
905677013
69795928
405527089
219531971
351492146
324226098
375870781
101520756
33588145
680532971
591000475
722748018
795416727
395827674
245893923
397341800
725416130
512436440
818872461
778326666
761653289
262875094
908338386
644864180
990728298
296095491
441723347
719507628
997297494
196403411
247596529
66292737
373457542
68088129
40684247
37705928
960658219
939539000
835539697
256723866
720811805
8670806
943713125
120729262
807128592
181390416
386919275
781282238
496261017
931894834
891972634
349194344
359259435
295507109
254530794
808413617
609756534
722192328
164904810
767883511
729244808
382501888
832277838
220447721
572137380
152789648
576090468
919372947
750519432
294264273
411524851
302480508
263375230
624947140
871201721
252618528
46460207
916352380
629393955
379095424
701013404
914522675
507834568
433309494
996498207
406261240
229775246
880850956
480144314
139759591
536519584
65789145
757097783
254320000
627253485
683738172
876340260
846196419
767885873
613795054
630393718
83098730
206050704
246354639
68118028
568855628
712954457
241893243
609294996
535508499
158947761
860716209
195900758
686066153
598577346
625295121
160394591
376167381
518458064
178652082
248428565
845505525
620650504
125234598
771543575
615329488
956101125
273947217
57664696
861723245
53147481
12289589
521867734
778404798
583948912
462557189
763474639
710074817
341701375
833575183
221303812
757988212
356854643
311281034
270051722
659438747
550537262
957407536
55536681
263584651
212466681
633507139
147616255
130994587
655756406
342996834
280235497
457546659
173744048
937260275
724275615
44323779
7780210
314402429
111733936
401722914
298695057
812983790
253946130
786586021
640462479
400948369
87185323
958674798
261482867
108069406
337958884
683401585
644496786
58803132
776942241
25693346
239945189
790113487
89036833
812726193
718929361
724944242
744736472
882657042
770109044
178324290
738014868
967361807
328835330
639665191
378293649
353870477
707212912
613702262
288611634
843836817
859912389
878136657
937617834
450744677
545880438
703176911
545000784
441011368
88779749
940239094
497437769
425390463
891429653
577780851
837287940
202647144
885801708
735257366
235032520
637328958
435471493
779367743
441569619
426880438
374637892
895798510
266187831
17720762
54486160
420099038
333091962
782958027
525631521
685716014
790517598
760572743
764966132
781111901
734673034
217357206
736678170
674371253
276708044
997626942
819958174
167399752
259781143
10945055
776009376
504941302
545116115
877019479
376954147
489613284
452993876
115876457
301756974
715181919
635941841
642929341
374884845
277732606
307324674
559574032
539965373
389194466
787910428
797161119
509464729
431071184
900894993
186173038
158658481
48005321
277405251
893907636
413493936
229311683
469533499
297484898
742739378
128123581
816077889
741273488
6574096
954345536
867894364
381344633
480863994
461870979
295644046
250554151
517692309
137364715
226794155
790865567
69491828
168456717
205956723
823007509
955997947
34165903
101808747
464801498
908214656
990239588
24694218
910134036
620885805
417265708
10796752
176571231
981892245
673042811
975315102
950103529
641257134
688062824
64383133
935692236
315748852
346082439
246892621
111073485
949431355
102615722
855747328
117704012
8355521
44212089
381947190
695564661
87884352
748304183
322812994
498854002
207590107
439811251
418865183
576983503
959630891
898895294
243935057
222613792
761903140
411067925
537780237
771427856
573200434
868472771
513152393
268487013
831613133
146108477
464952359
313880268
460196923
223595442
998969991
632114987
212882516
520185027
121552240
647063926
669277758
419814415
952057456
853020786
32744939
481404474
403184838
339412547
242074250
448914707
834179658
990493530
287982531
259936115
584741807
260490485
477520960
985513192
908048600
226852133
522296345
437334859
833065417
475928681
917086651
436612743
460771545
418976183
859202842
568222552
971891872
28724521
988675951
6030894
809366278
839646966
598835876
664953871
31536362
488775259
254364295
110767794
55595047
403096407
224038815
389532488
21475069
551283504
514386252
85478794
121137136
819527103
906401954
967328509
762062782
50784063
100520994
496370011
410551004
596391013
917709774
534322110
942001807
38884197
558910145
192213839
43941014
2088678
728812516
535421295
495086078
928286787
815572855
396437301
903780551
571044734
954653323
382089820
624954620
887337865
430269800
33841634
202059515
764522625
905594986
624713728
598904995
92283396
892601475
560467146
409792233
806872171
472707470
7742372
291364551
448536906
659460831
765607754
988751922
664935307
290792352
670347932
115611145
711142641
905053004
2432932
345248330
502573429
29110869
353557495
276507666
741287008
535474726
571221588
83374429
422341477
891863827
899979628
464977380
602753642
518788910
543217747
52808864
159434240
455139544
550353098
371790851
156856451
183304303
81567869
696052900
972784499
186642924
430355420
656127801
282582596
529900569
629448592
887602263
308710514
412941260
194995689
848588859
138396946
476187598
451202742
614091058
901752148
656876126
309111708
3318387
85167586
108838261
12708530
191956605
21679114
538594614
525495187
359185680
960748400
450563008
521834164
253370656
527186623
719843324
375553745
201197594
654700154
786190540
731641014
950843449
915139646
126118705
817618409
474813704
852283438
989334234
149853790
462206722
360572116
627370577
544886039
521447630
254822354
992339169
229066961
425478885
219496930
995318182
190511956
585549094
431592308
63299396
277588993
840684367
861839027
929602206
360911342
365444124
110199845
13649033
395869445
367822341
294956521
210293364
52660815
648760738
709574934
31531450
504616586
66555490
326033940
95149137
434676469
317208206
571215708
280633109
758961387
7099626
891491401
805028525
878784473
348532678
68316450
837802225
187177009
95501488
540385523
720161245
575413450
833458034
936910806
6283820
763215932
950070090
267748709
615987363
133726582
49461458
74565314
17835300
409892617
666196158
960066598
696766522
878086562
289626409
181520084
943613844
35584049
138375945
486410479
534878869
231836619
562447304
167247712
449344888
142488923
244205766
276257993
890633636
921886208
911985556
321918510
520738191
628395562
389007793
560388366
811718874
726527287
63102267
783138898
931635290
522292918
442730256
234466516
50127825
786479045
735809176
328405661
86948987
401488940
980483227
283864751
652174930
843675344
943869098
367002259
139784217
941939280
48741850
437503737
834100502
567489733
780019676
436770422
199973590
98926160
896964538
195257362
533093267
241976896
469794972
268520353
7397872
508072419
938728529
665680582
427892553
439819225
560993044
740202660
945693954
511630885
840882371
14591523
441517457
789769395
637933138
323890368
810075879
192040559
568565482
311762783
282312542
225831827
402958909
494838989
591920585
538633202
820657226
727474176
850311344
708277843
586406161
28727423
784936086
108846915
625059488
579944573
170687876
740024202
117971490
817809710
19834520
802061407
860253035
504615676
186877621
901902238
546526641
894591749
584277701
385453978
413312665
948253372
41943478
889440482
386855157
708819974
142762183
285775237
307350840
344350511
53049314
914640794
51946981
376679053
701316632
902885604
856875729
48350298
916125603
96704791
213189703
621965214
412618381
946470842
145005356
196245508
274812691
988537287
333138651
630408226
53676570
914091517
52880615
700623017
945191339
961750772
496330688
66814176
983751244
173473490
24362830
779429193
773795324
811564059
625922328
426749835
428693948
833199937
196012117
444245865
751359405
730086930
362312545
528019587
676606948
751663278
253111612
721360171
44856510
986527073
127656082
246782944
303214398
219907071
761621214
926233743
996047556
871375088
229094782
536340462
117753752
149113964
291219397
146232615
466276229
180777951
516425
297750621
736054765
790668763
192912427
169832450
654103764
737625862
915811103
337935509
874095734
8439809
667833650
148980613
368896652
661463863
492896363
355880556
397963765
402403261
93124850
124979658
969442547
335856814
379000616
513369526
886218302
470826929
406512360
913595802
867280280
340212735
296053896
773629328
210075564
678543211
835551019
195701653
695078400
915168605
432657086
280582930
204940040
266962775
331128862
723882259
451145805
660321827
513096646
506210813
598824805
753688235
15239657
194564921
647082711
209495907
33597816
338695018
57038674
12038493
210290907
108359728
493146336
576872343
924030644
561934472
955055959
200267300
383900606
645788824
294845170
733155181
427658482
323427721
784753845
563041498
219078352
762034440
590761615
43604304
74075535
713812574
810707966
882820547
485640469
660184067
462790716
798048791
705743085
664146226
902616263
154582790
138456944
146471003
38593921
634000008
636697933
345087373
287215496
307470175
707206957
254941289
59746218
698906890
810084920
676316713
961694285
492366914
410119008
417304230
134723924
197689419
493394599
830347529
576968408
672629979
956898353
738187203
575164306
773592465
870206100
976666729
526448102
173732193
457703900
79501190
196894515
869683130
322736214
568550353
452432885
968644808
904370769
974033131
42645367
900293151
668296517
265891554
724505507
285966652
225694834
563233308
18330531
763260454
751070998
255806923
582597013
737774575
157528979
6739501
686896014
513004674
767303446
25301878
178743938
294133894
545507461
98186503
411310204
606374737
103961722
268471883
56137428
807507557
158725978
526574412
155954565
851516409
576484944
874627775
604341862
645194818
342483618
688343295
674688945
893294845
890581240
148617515
972794097
174702827
736867675
794358569
143483876
375844369
82812335
791233455
999060321
864234194
102684151
984647875
812264214
613270868
599807788
794675689
225964444
195544663
470716736
921459593
112728033
663748914
34831222
864205529
606360917
676463367
911793677
4512559
67372768
371303389
348419950
31291773
948298788
252947905
273538829
101214557
99409345
242950777
968626912
404512434
610757501
830234795
618307512
35861670
962543815
351928048
715099177
871473213
370311485
421587316
314909547
362771942
511820766
417362743
589209283
789296632
459086428
357346125
528278479
321053297
546884196
183478518
607738034
645070576
37883923
92355049
549279363
711842748
777895134
177539022
865834544
497424550
853452304
548634625
176543288
541823717
641960163
579953786
364519020
596205404
57666548
883497997
829047807
58342536
802231551
494160519
462986830
981270525
229245097
114336036
759629180
961410502
958566268
62086042
758709435
42570947
456980476
224431826
456221658
927847576
844818753
129239849
952936297
488439372
557616054
76432614
886382485
24560227
262227145
416397749
21225325
816823841
977983892
150042867
148845275
54705479
806632958
991595245
953785619
963518462
519002963
181956359
731102916
918590962
55294729
431029437
551088570
451632588
690910540
986600326
738444793
549882698
491247633
33581227
379992052
926693365
274004461
465096589
93511161
817866662
225084855
943417536
24419014
623366726
900246342
380718499
947244943
871554453
725836213
147494409
508725354
74346709
803267356
847919683
698149814
255824405
23954974
181315108
390771697
306073544
895275098
76501598
333542270
112426247
654718878
930340159
36269210
592963633
121932763
288879824
625013011
312460999
856494900
59468461
800295880
566930944
961786695
1950746
794878654
451083040
751435535
67811764
788066963
252809484
418218004
21032846
693172174
517041598
969976155
868839091
589813516
699325455
584451242
882024015
25086196
640514758
623528871
719078964
475106096
457867169
258209977
141473958
733825904
355686110
348585733
739502070
398965252
575224410
650985867
912391739
699679216
824446525
214694829
802384806
772078609
732860147
767760756
840405108
404257471
413576166
471180508
887337091
557730920
135943989
371095547
493489264
150250254
58550023
829889443
919543362
896345257
201200215
788288035
212388333
156385695
710009607
662971593
784582760
760237130
138918038
447668359
259004593
343256531
454636833
586128513
358074471
45437933
356812741
491383542
173702361
732334054
637283347
950981564
640588099
39204074
676026223
231075724
587550845
178025568
298658588
994965923
732339502
565496827
366762017
235369153
210907830
703755745
362958607
908409012
333754862
456837624
728494599
258858326
168781622
557297343
276763521
125161726
115483704
439570666
817621155
217909787
445695524
108364217
492717741
647702991
645661402
980271864
77664559
584019902
88289606
188842270
200015011
55593575
769402474
249974150
593898496
680461746
298916711
658713275
28755174
92338944
88700453
373476150
561732795
